<?xml version="1.0" encoding="UTF-8"?>
<!-- Generated by org.testng.reporters.JUnitXMLReporter -->
<testsuite ignored="14" hostname="DESKTOP-L3SV42K" failures="6" tests="8" name="E2E Flutter App Flow" time="403.289" errors="0" timestamp="2026-03-27T14:02:27 IST">
  <testcase classname="RESEARCHMANTRA_AUTOMATION.AUTOMATION.Login_Screen_Tests" name="testLoginScreenFlow" time="132.701"/>
  <testcase classname="RESEARCHMANTRA_AUTOMATION.AUTOMATION.Dashboard_Navigation_Tests" name="testDashboardCompleteFlow" time="10.776">
    <failure type="java.lang.AssertionError" message="Routing failed for product card: MCX Positional">
      <![CDATA[java.lang.AssertionError: Routing failed for product card: MCX Positional
at RESEARCHMANTRA_AUTOMATION.AUTOMATION.Dashboard_Navigation_Tests.testDashboardCompleteFlow(Dashboard_Navigation_Tests.java:108)
at java.base/java.util.ArrayList.forEach(ArrayList.java:1604)
... Removed 26 stack frames]]>
    </failure>
  </testcase> <!-- testDashboardCompleteFlow -->
  <testcase classname="RESEARCHMANTRA_AUTOMATION.AUTOMATION.Trades_Screen_Tests" name="testDynamicTradesScreenFlow" time="32.339">
    <failure type="java.lang.AssertionError" message="Closed Trades UI check failed.">
      <![CDATA[java.lang.AssertionError: Closed Trades UI check failed.
at RESEARCHMANTRA_AUTOMATION.AUTOMATION.Trades_Screen_Tests.verifyClosedTradeDetails(Trades_Screen_Tests.java:238)
at RESEARCHMANTRA_AUTOMATION.AUTOMATION.Trades_Screen_Tests.testDynamicTradesScreenFlow(Trades_Screen_Tests.java:90)
at java.base/java.util.ArrayList.forEach(ArrayList.java:1604)
... Removed 26 stack frames]]>
    </failure>
  </testcase> <!-- testDynamicTradesScreenFlow -->
  <testcase classname="RESEARCHMANTRA_AUTOMATION.AUTOMATION.Blogs_Screen_Tests" name="testBlogsScreenFlow" time="10.864">
    <failure type="java.lang.AssertionError" message="Blog Feed is empty or failing to load.">
      <![CDATA[java.lang.AssertionError: Blog Feed is empty or failing to load.
at RESEARCHMANTRA_AUTOMATION.AUTOMATION.Blogs_Screen_Tests.testBlogsScreenFlow(Blogs_Screen_Tests.java:49)
at java.base/java.util.ArrayList.forEach(ArrayList.java:1604)
... Removed 26 stack frames]]>
    </failure>
  </testcase> <!-- testBlogsScreenFlow -->
  <testcase classname="RESEARCHMANTRA_AUTOMATION.AUTOMATION.Tools_Screen_Tests" name="testToolsScreenFlow" time="13.047">
    <failure type="java.lang.AssertionError" message="Tools Screen Flow Failure: Expected condition failed: waiting for presence of element located by: By.xpath: //*[contains(@content-desc, &amp;apos;Retirement Plans&amp;apos;)] (tried for 12 second(s) with 100 milliseconds interval)">
      <![CDATA[java.lang.AssertionError: Tools Screen Flow Failure: Expected condition failed: waiting for presence of element located by: By.xpath: //*[contains(@content-desc, 'Retirement Plans')] (tried for 12 second(s) with 100 milliseconds interval)
at RESEARCHMANTRA_AUTOMATION.AUTOMATION.Tools_Screen_Tests.testToolsScreenFlow(Tools_Screen_Tests.java:93)
at java.base/java.util.ArrayList.forEach(ArrayList.java:1604)
... Removed 26 stack frames]]>
    </failure>
  </testcase> <!-- testToolsScreenFlow -->
  <testcase classname="RESEARCHMANTRA_AUTOMATION.AUTOMATION.Profile_And_Settings_Tests" name="testProfileAndSettingsFlow" time="13.047">
    <failure type="java.lang.AssertionError" message="Expected condition failed: waiting for presence of element located by: AppiumBy.accessibilityId: Update (tried for 12 second(s) with 100 milliseconds interval)">
      <![CDATA[java.lang.AssertionError: Expected condition failed: waiting for presence of element located by: AppiumBy.accessibilityId: Update (tried for 12 second(s) with 100 milliseconds interval)
at RESEARCHMANTRA_AUTOMATION.AUTOMATION.Profile_And_Settings_Tests.testProfileAndSettingsFlow(Profile_And_Settings_Tests.java:141)
at java.base/java.util.ArrayList.forEach(ArrayList.java:1604)
... Removed 26 stack frames]]>
    </failure>
  </testcase> <!-- testProfileAndSettingsFlow -->
  <testcase classname="RESEARCHMANTRA_AUTOMATION.AUTOMATION.All_Products_Payment_Flow_Tests" name="testAllProductsPaymentGatewayFlow" time="157.963"/>
  <testcase classname="RESEARCHMANTRA_AUTOMATION.AUTOMATION.Push_Notification_And_Signal_Tests" name="testLiveSignalRoutingAndNotifications" time="22.083">
    <failure type="java.lang.AssertionError" message="Failed to open product card to check signals. Clicks ignored by UI.">
      <![CDATA[java.lang.AssertionError: Failed to open product card to check signals. Clicks ignored by UI.
at RESEARCHMANTRA_AUTOMATION.AUTOMATION.Push_Notification_And_Signal_Tests.testLiveSignalRoutingAndNotifications(Push_Notification_And_Signal_Tests.java:64)
at java.base/java.util.ArrayList.forEach(ArrayList.java:1604)
... Removed 26 stack frames]]>
    </failure>
  </testcase> <!-- testLiveSignalRoutingAndNotifications -->
  <testcase classname="RESEARCHMANTRA_AUTOMATION.AUTOMATION.Base_setup" name="@AfterSuite tearDownSuite" time="0.0">
    <ignored/>
  </testcase> <!-- @AfterSuite tearDownSuite -->
  <testcase classname="RESEARCHMANTRA_AUTOMATION.AUTOMATION.Base_setup" name="@BeforeSuite setupSuite" time="0.0">
    <ignored/>
  </testcase> <!-- @BeforeSuite setupSuite -->
  <testcase classname="RESEARCHMANTRA_AUTOMATION.AUTOMATION.Base_setup" name="@AfterSuite tearDownSuite" time="0.0">
    <ignored/>
  </testcase> <!-- @AfterSuite tearDownSuite -->
  <testcase classname="RESEARCHMANTRA_AUTOMATION.AUTOMATION.Base_setup" name="@AfterSuite tearDownSuite" time="0.0">
    <ignored/>
  </testcase> <!-- @AfterSuite tearDownSuite -->
  <testcase classname="RESEARCHMANTRA_AUTOMATION.AUTOMATION.Base_setup" name="@BeforeSuite setupSuite" time="0.0">
    <ignored/>
  </testcase> <!-- @BeforeSuite setupSuite -->
  <testcase classname="RESEARCHMANTRA_AUTOMATION.AUTOMATION.Base_setup" name="@BeforeSuite setupSuite" time="0.0">
    <ignored/>
  </testcase> <!-- @BeforeSuite setupSuite -->
  <testcase classname="RESEARCHMANTRA_AUTOMATION.AUTOMATION.Base_setup" name="@BeforeSuite setupSuite" time="0.0">
    <ignored/>
  </testcase> <!-- @BeforeSuite setupSuite -->
  <testcase classname="RESEARCHMANTRA_AUTOMATION.AUTOMATION.Base_setup" name="@BeforeSuite setupSuite" time="0.0">
    <ignored/>
  </testcase> <!-- @BeforeSuite setupSuite -->
  <testcase classname="RESEARCHMANTRA_AUTOMATION.AUTOMATION.Base_setup" name="@AfterSuite tearDownSuite" time="0.0">
    <ignored/>
  </testcase> <!-- @AfterSuite tearDownSuite -->
  <testcase classname="RESEARCHMANTRA_AUTOMATION.AUTOMATION.Base_setup" name="@AfterSuite tearDownSuite" time="0.0">
    <ignored/>
  </testcase> <!-- @AfterSuite tearDownSuite -->
  <testcase classname="RESEARCHMANTRA_AUTOMATION.AUTOMATION.Base_setup" name="@BeforeSuite setupSuite" time="0.0">
    <ignored/>
  </testcase> <!-- @BeforeSuite setupSuite -->
  <testcase classname="RESEARCHMANTRA_AUTOMATION.AUTOMATION.Base_setup" name="@BeforeSuite setupSuite" time="0.0">
    <ignored/>
  </testcase> <!-- @BeforeSuite setupSuite -->
  <testcase classname="RESEARCHMANTRA_AUTOMATION.AUTOMATION.Base_setup" name="@AfterSuite tearDownSuite" time="0.0">
    <ignored/>
  </testcase> <!-- @AfterSuite tearDownSuite -->
  <testcase classname="RESEARCHMANTRA_AUTOMATION.AUTOMATION.Base_setup" name="@AfterSuite tearDownSuite" time="0.0">
    <ignored/>
  </testcase> <!-- @AfterSuite tearDownSuite -->
</testsuite> <!-- E2E Flutter App Flow -->
