<?xml version="1.0" encoding="UTF-8"?>
<!-- Generated by org.testng.reporters.JUnitXMLReporter -->
<testsuite ignored="0" hostname="DESKTOP-L3SV42K" failures="0" tests="3" name="Default test" time="0.046" errors="0" timestamp="2026-03-24T13:54:18 IST">
  <testcase classname="RESEARCHMANTRA_AUTOMATION.AUTOMATION.Base_setup" name="@BeforeSuite setupSuite" time="11.199">
    <failure type="java.lang.RuntimeException" message="org.openqa.selenium.SessionNotCreatedException: Could not start a new session. Response code 500. Message: An unknown server-side error occurred while processing the command. Original error: Cannot start the &amp;apos;com.research_mantra_official&amp;apos; application. Visit https://github.com/appium/appium/blob/master/docs/en/writing-running-appium/android/activity-startup.md for troubleshooting. Original error: Activity name &amp;apos;.MainActivity&amp;apos; used to start the app doesn&amp;apos;t exist or cannot be launched! Make sure it exists and is a launchable activity 
Host info: host: &amp;apos;DESKTOP-L3SV42K&amp;apos;, ip: &amp;apos;192.168.1.16&amp;apos;
Build info: version: &amp;apos;4.22.0&amp;apos;, revision: &amp;apos;c5f3146703*&amp;apos;
System info: os.name: &amp;apos;Windows 10&amp;apos;, os.arch: &amp;apos;amd64&amp;apos;, os.version: &amp;apos;10.0&amp;apos;, java.version: &amp;apos;24.0.1&amp;apos;
Driver info: io.appium.java_client.android.AndroidDriver
Command: [null, newSession {capabilities=[{appium:skipServerInstallation=false, appium:fullReset=true, appium:automationName=UIAutomator2, appium:appPackage=com.research_mantra_official, appium:appWaitActivity=*, appium:app=C:\Users\KIng Research\Desktop\RESEARCH_MANTRA_AUTOMATION\researchmantradebugautonew.apk, appium:disableAndroidWatchers=true, appium:newCommandTimeout=3600, platformName=ANDROID, appium:deviceName=emulator-5554, appium:autoGrantPermissions=true, appium:appActivity=.MainActivity, appium:disableWindowAnimation=true}], desiredCapabilities=Capabilities {appium:app: C:\Users\KIng Research\Desk..., appium:appActivity: .MainActivity, appium:appPackage: com.research_mantra_official, appium:appWaitActivity: *, appium:autoGrantPermissions: true, appium:automationName: UIAutomator2, appium:deviceName: emulator-5554, appium:disableAndroidWatchers: true, appium:disableWindowAnimation: true, appium:fullReset: true, appium:newCommandTimeout: 3600, appium:skipServerInstallation: false, platformName: ANDROID}}]
Capabilities {appium:app: C:\Users\KIng Research\Desk..., appium:appActivity: .MainActivity, appium:appPackage: com.research_mantra_official, appium:appWaitActivity: *, appium:autoGrantPermissions: true, appium:automationName: UIAutomator2, appium:deviceName: emulator-5554, appium:disableAndroidWatchers: true, appium:disableWindowAnimation: true, appium:fullReset: true, appium:newCommandTimeout: 3600, appium:skipServerInstallation: false, platformName: ANDROID}">
      <![CDATA[java.lang.RuntimeException: org.openqa.selenium.SessionNotCreatedException: Could not start a new session. Response code 500. Message: An unknown server-side error occurred while processing the command. Original error: Cannot start the 'com.research_mantra_official' application. Visit https://github.com/appium/appium/blob/master/docs/en/writing-running-appium/android/activity-startup.md for troubleshooting. Original error: Activity name '.MainActivity' used to start the app doesn't exist or cannot be launched! Make sure it exists and is a launchable activity 
Host info: host: 'DESKTOP-L3SV42K', ip: '192.168.1.16'
Build info: version: '4.22.0', revision: 'c5f3146703*'
System info: os.name: 'Windows 10', os.arch: 'amd64', os.version: '10.0', java.version: '24.0.1'
Driver info: io.appium.java_client.android.AndroidDriver
Command: [null, newSession {capabilities=[{appium:skipServerInstallation=false, appium:fullReset=true, appium:automationName=UIAutomator2, appium:appPackage=com.research_mantra_official, appium:appWaitActivity=*, appium:app=C:\Users\KIng Research\Desktop\RESEARCH_MANTRA_AUTOMATION\researchmantradebugautonew.apk, appium:disableAndroidWatchers=true, appium:newCommandTimeout=3600, platformName=ANDROID, appium:deviceName=emulator-5554, appium:autoGrantPermissions=true, appium:appActivity=.MainActivity, appium:disableWindowAnimation=true}], desiredCapabilities=Capabilities {appium:app: C:\Users\KIng Research\Desk..., appium:appActivity: .MainActivity, appium:appPackage: com.research_mantra_official, appium:appWaitActivity: *, appium:autoGrantPermissions: true, appium:automationName: UIAutomator2, appium:deviceName: emulator-5554, appium:disableAndroidWatchers: true, appium:disableWindowAnimation: true, appium:fullReset: true, appium:newCommandTimeout: 3600, appium:skipServerInstallation: false, platformName: ANDROID}}]
Capabilities {appium:app: C:\Users\KIng Research\Desk..., appium:appActivity: .MainActivity, appium:appPackage: com.research_mantra_official, appium:appWaitActivity: *, appium:autoGrantPermissions: true, appium:automationName: UIAutomator2, appium:deviceName: emulator-5554, appium:disableAndroidWatchers: true, appium:disableWindowAnimation: true, appium:fullReset: true, appium:newCommandTimeout: 3600, appium:skipServerInstallation: false, platformName: ANDROID}
at RESEARCHMANTRA_AUTOMATION.AUTOMATION.Base_setup.setupSuite(Base_setup.java:114)
at java.base/jdk.internal.reflect.DirectMethodHandleAccessor.invoke(DirectMethodHandleAccessor.java:104)
at java.base/java.lang.reflect.Method.invoke(Method.java:565)
at org.testng.internal.invokers.MethodInvocationHelper.invokeMethod(MethodInvocationHelper.java:141)
at org.testng.internal.invokers.MethodInvocationHelper.invokeMethodConsideringTimeout(MethodInvocationHelper.java:71)
at org.testng.internal.invokers.ConfigInvoker.invokeConfigurationMethod(ConfigInvoker.java:400)
at org.testng.internal.invokers.ConfigInvoker.invokeConfigurations(ConfigInvoker.java:333)
at org.testng.SuiteRunner.privateRun(SuiteRunner.java:358)
at org.testng.SuiteRunner.run(SuiteRunner.java:312)
at org.testng.SuiteRunnerWorker.runSuite(SuiteRunnerWorker.java:52)
at org.testng.SuiteRunnerWorker.run(SuiteRunnerWorker.java:95)
at org.testng.TestNG.runSuitesSequentially(TestNG.java:1274)
at org.testng.TestNG.runSuitesLocally(TestNG.java:1208)
at org.testng.TestNG.runSuites(TestNG.java:1112)
at org.testng.TestNG.run(TestNG.java:1079)
at org.testng.remote.AbstractRemoteTestNG.run(AbstractRemoteTestNG.java:115)
at org.testng.remote.RemoteTestNG.initAndRun(RemoteTestNG.java:293)
at org.testng.remote.RemoteTestNG.main(RemoteTestNG.java:91)
Caused by: org.openqa.selenium.SessionNotCreatedException: Could not start a new session. Response code 500. Message: An unknown server-side error occurred while processing the command. Original error: Cannot start the 'com.research_mantra_official' application. Visit https://github.com/appium/appium/blob/master/docs/en/writing-running-appium/android/activity-startup.md for troubleshooting. Original error: Activity name '.MainActivity' used to start the app doesn't exist or cannot be launched! Make sure it exists and is a launchable activity 
Host info: host: 'DESKTOP-L3SV42K', ip: '192.168.1.16'
Build info: version: '4.22.0', revision: 'c5f3146703*'
System info: os.name: 'Windows 10', os.arch: 'amd64', os.version: '10.0', java.version: '24.0.1'
Driver info: io.appium.java_client.android.AndroidDriver
Command: [null, newSession {capabilities=[{appium:skipServerInstallation=false, appium:fullReset=true, appium:automationName=UIAutomator2, appium:appPackage=com.research_mantra_official, appium:appWaitActivity=*, appium:app=C:\Users\KIng Research\Desktop\RESEARCH_MANTRA_AUTOMATION\researchmantradebugautonew.apk, appium:disableAndroidWatchers=true, appium:newCommandTimeout=3600, platformName=ANDROID, appium:deviceName=emulator-5554, appium:autoGrantPermissions=true, appium:appActivity=.MainActivity, appium:disableWindowAnimation=true}], desiredCapabilities=Capabilities {appium:app: C:\Users\KIng Research\Desk..., appium:appActivity: .MainActivity, appium:appPackage: com.research_mantra_official, appium:appWaitActivity: *, appium:autoGrantPermissions: true, appium:automationName: UIAutomator2, appium:deviceName: emulator-5554, appium:disableAndroidWatchers: true, appium:disableWindowAnimation: true, appium:fullReset: true, appium:newCommandTimeout: 3600, appium:skipServerInstallation: false, platformName: ANDROID}}]
Capabilities {appium:app: C:\Users\KIng Research\Desk..., appium:appActivity: .MainActivity, appium:appPackage: com.research_mantra_official, appium:appWaitActivity: *, appium:autoGrantPermissions: true, appium:automationName: UIAutomator2, appium:deviceName: emulator-5554, appium:disableAndroidWatchers: true, appium:disableWindowAnimation: true, appium:fullReset: true, appium:newCommandTimeout: 3600, appium:skipServerInstallation: false, platformName: ANDROID}
at org.openqa.selenium.remote.ProtocolHandshake.createSession(ProtocolHandshake.java:114)
at java.base/jdk.internal.reflect.DirectMethodHandleAccessor.invoke(DirectMethodHandleAccessor.java:104)
at java.base/java.lang.reflect.Method.invoke(Method.java:565)
at io.appium.java_client.remote.AppiumProtocolHandshake.createSession(AppiumProtocolHandshake.java:116)
at io.appium.java_client.remote.AppiumProtocolHandshake.createSession(AppiumProtocolHandshake.java:96)
at io.appium.java_client.remote.AppiumCommandExecutor.createSession(AppiumCommandExecutor.java:176)
at io.appium.java_client.remote.AppiumCommandExecutor.execute(AppiumCommandExecutor.java:237)
at org.openqa.selenium.remote.RemoteWebDriver.execute(RemoteWebDriver.java:518)
at io.appium.java_client.AppiumDriver.startSession(AppiumDriver.java:268)
at org.openqa.selenium.remote.RemoteWebDriver.<init>(RemoteWebDriver.java:161)
at io.appium.java_client.AppiumDriver.<init>(AppiumDriver.java:90)
at io.appium.java_client.AppiumDriver.<init>(AppiumDriver.java:102)
at io.appium.java_client.android.AndroidDriver.<init>(AndroidDriver.java:109)
at RESEARCHMANTRA_AUTOMATION.AUTOMATION.Base_setup.setupSuite(Base_setup.java:107)
... 17 more
]]>
    </failure>
  </testcase> <!-- @BeforeSuite setupSuite -->
  <testcase classname="RESEARCHMANTRA_AUTOMATION.AUTOMATION.Base_setup" name="@BeforeMethod beforeTestLog" time="0.0">
    <skipped/>
  </testcase> <!-- @BeforeMethod beforeTestLog -->
  <testcase classname="RESEARCHMANTRA_AUTOMATION.AUTOMATION.Base_setup" name="@AfterMethod getResult" time="0.0">
    <skipped/>
  </testcase> <!-- @AfterMethod getResult -->
  <testcase classname="RESEARCHMANTRA_AUTOMATION.AUTOMATION.Base_setup" name="@BeforeMethod beforeTestLog" time="0.0">
    <skipped/>
  </testcase> <!-- @BeforeMethod beforeTestLog -->
  <testcase classname="RESEARCHMANTRA_AUTOMATION.AUTOMATION.Base_setup" name="@AfterMethod getResult" time="0.0">
    <skipped/>
  </testcase> <!-- @AfterMethod getResult -->
  <testcase classname="RESEARCHMANTRA_AUTOMATION.AUTOMATION.Base_setup" name="@BeforeMethod beforeTestLog" time="0.0">
    <skipped/>
  </testcase> <!-- @BeforeMethod beforeTestLog -->
  <testcase classname="RESEARCHMANTRA_AUTOMATION.AUTOMATION.Base_setup" name="@AfterMethod getResult" time="0.0">
    <skipped/>
  </testcase> <!-- @AfterMethod getResult -->
  <testcase classname="RESEARCHMANTRA_AUTOMATION.AUTOMATION.Dashboard_Navigation_Tests" name="testHeaderAndNotifications" time="0.0">
    <skipped/>
  </testcase> <!-- testHeaderAndNotifications -->
  <testcase classname="RESEARCHMANTRA_AUTOMATION.AUTOMATION.Dashboard_Navigation_Tests" name="testPerformanceAnalyticsSection" time="0.0">
    <skipped/>
  </testcase> <!-- testPerformanceAnalyticsSection -->
  <testcase classname="RESEARCHMANTRA_AUTOMATION.AUTOMATION.Dashboard_Navigation_Tests" name="testDashboardElementsAndNav" time="0.0">
    <skipped/>
  </testcase> <!-- testDashboardElementsAndNav -->
</testsuite> <!-- Default test -->
