<?xml version="1.0" encoding="UTF-8"?>
<testng-results ignored="0" total="8" passed="3" failed="5" skipped="0">
  <reporter-output>
    <line>
      <![CDATA[
⏳ APPIUM IS CLEANING DEVICE AND INSTALLING FRESH APK...]]>
    </line>
    <line>
      <![CDATA[✅ APPIUM SESSION ESTABLISHED - STABILITY MODE ENGAGED!]]>
    </line>
    <line>
      <![CDATA[
========================================================]]>
    </line>
    <line>
      <![CDATA[🚀 STARTING TEST: testLoginScreenFlow]]>
    </line>
    <line>
      <![CDATA[========================================================]]>
    </line>
    <line>
      <![CDATA[  -> Starting Comprehensive Login Suite for: 7661936911]]>
    </line>
    <line>
      <![CDATA[  -> No permission popup detected.]]>
    </line>
    <line>
      <![CDATA[  -> Executing Negative Test: Empty Mobile Number]]>
    </line>
    <line>
      <![CDATA[  -> Verified Toast Message: Please enter valid mobile number]]>
    </line>
    <line>
      <![CDATA[  -> Executing Negative Test: Invalid Mobile Number (12345)]]>
    </line>
    <line>
      <![CDATA[  -> Verified Toast Message: Please enter valid mobile number]]>
    </line>
    <line>
      <![CDATA[  -> Executing Positive Test: Valid Mobile Number]]>
    </line>
    <line>
      <![CDATA[  -> Waiting for transition to OTP screen...]]>
    </line>
    <line>
      <![CDATA[  -> Successfully arrived at OTP Verification Screen.]]>
    </line>
    <line>
      <![CDATA[  -> Validating OTP Screen UI Elements...]]>
    </line>
    <line>
      <![CDATA[  -> Change Number and Resend Code buttons are visible.]]>
    </line>
    <line>
      <![CDATA[  -> Executing Negative Test: Invalid OTP]]>
    </line>
    <line>
      <![CDATA[  -> Intercepting valid OTP via API...]]>
    </line>
    <line>
      <![CDATA[  -> Retrieved OTP: 787078]]>
    </line>
    <line>
      <![CDATA[  -> Entering Valid OTP...]]>
    </line>
    <line>
      <![CDATA[  -> Detecting landing screen...]]>
    </line>
    <line>
      <![CDATA[  -> New User detected. Executing Registration Flow...]]>
    </line>
    <line>
      <![CDATA[  -> Entering Data: vamshi krishna | vamshikrishna11@test.com | Delhi]]>
    </line>
    <line>
      <![CDATA[  -> Scrolling to reveal Registration options...]]>
    </line>
    <line>
      <![CDATA[  -> Testing Gender Radio Buttons...]]>
    </line>
    <line>
      <![CDATA[  -> Successfully toggled Gender selection to Female.]]>
    </line>
    <line>
      <![CDATA[  -> Submitting Registration Form...]]>
    </line>
    <line>
      <![CDATA[  -> ✅ Login Flow Complete! Logged in as: vamshi krishna]]>
    </line>
    <line>
      <![CDATA[  -> ✅ Test Case Passed: testLoginScreenFlow]]>
    </line>
    <line>
      <![CDATA[  -> ⏱️ SCREEN COMPLETED IN: 156.611 SECONDS.]]>
    </line>
    <line>
      <![CDATA[
========================================================]]>
    </line>
    <line>
      <![CDATA[🚀 STARTING TEST: testDashboardCompleteFlow]]>
    </line>
    <line>
      <![CDATA[========================================================]]>
    </line>
    <line>
      <![CDATA[  -> Starting Comprehensive Dashboard Verification...]]>
    </line>
    <line>
      <![CDATA[  -> Step 1: Checking User Profile Name in Header.]]>
    </line>
    <line>
      <![CDATA[  -> Profile Name verified in header: vamshi krishna]]>
    </line>
    <line>
      <![CDATA[  -> Step 2: Checking Notification Bell & Tabs.]]>
    </line>
    <line>
      <![CDATA[  -> Clicked Notification Bell successfully.]]>
    </line>
    <line>
      <![CDATA[  -> Successfully interacted with all Notification tabs.]]>
    </line>
    <line>
      <![CDATA[  -> Returned to Dashboard from Notifications.]]>
    </line>
    <line>
      <![CDATA[  -> Step 3: Deep Clicking Core Trade Category Cards.]]>
    </line>
    <line>
      <![CDATA[  -> Testing Routing for: MCX Positional]]>
    </line>
    <line>
      <![CDATA[  -> ✅ Successfully routed to Product Screen for: MCX Positional]]>
    </line>
    <line>
      <![CDATA[  -> Testing Routing for: Long term Goal Oriented]]>
    </line>
    <line>
      <![CDATA[  -> ✅ Successfully routed to Product Screen for: Long term Goal Oriented]]>
    </line>
    <line>
      <![CDATA[  -> Testing Routing for: Nifty Positional]]>
    </line>
    <line>
      <![CDATA[  -> ✅ Successfully routed to Product Screen for: Nifty Positional]]>
    </line>
    <line>
      <![CDATA[  -> Testing Routing for: Midcap Positional]]>
    </line>
    <line>
      <![CDATA[  -> ✅ Successfully routed to Product Screen for: Midcap Positional]]>
    </line>
    <line>
      <![CDATA[  -> Step 4: Deep Clicking Promotional Banners.]]>
    </line>
    <line>
      <![CDATA[  -> Routing check for Research Reports timed out.]]>
    </line>
    <line>
      <![CDATA[  -> Step 5: Testing Bottom Navigation Functional Clicks.]]>
    </line>
    <line>
      <![CDATA[  -> Clicking Bottom Nav Tab: Trades]]>
    </line>
    <line>
      <![CDATA[  -> Navigated to 'Trades' tab successfully.]]>
    </line>
    <line>
      <![CDATA[  -> Clicking Bottom Nav Tab: Blogs]]>
    </line>
    <line>
      <![CDATA[  -> Navigated to 'Blogs' tab successfully.]]>
    </line>
    <line>
      <![CDATA[  -> Clicking Bottom Nav Tab: Tools]]>
    </line>
    <line>
      <![CDATA[  -> Navigated to 'Tools' tab successfully.]]>
    </line>
    <line>
      <![CDATA[  -> Clicking Bottom Nav Tab: Profile]]>
    </line>
    <line>
      <![CDATA[  -> Navigated to 'Profile' tab successfully.]]>
    </line>
    <line>
      <![CDATA[  -> Clicking Bottom Nav Tab: Explore]]>
    </line>
    <line>
      <![CDATA[  -> Navigated to 'Explore' tab successfully.]]>
    </line>
    <line>
      <![CDATA[  -> ✅ Master Dashboard Top-to-Bottom Flow completed successfully.]]>
    </line>
    <line>
      <![CDATA[  -> ✅ Test Case Passed: testDashboardCompleteFlow]]>
    </line>
    <line>
      <![CDATA[  -> ⏱️ SCREEN COMPLETED IN: 37.708 SECONDS.]]>
    </line>
    <line>
      <![CDATA[
========================================================]]>
    </line>
    <line>
      <![CDATA[🚀 STARTING TEST: testAllProductsPaymentGatewayFlow]]>
    </line>
    <line>
      <![CDATA[========================================================]]>
    </line>
    <line>
      <![CDATA[  -> Step 1: Navigating to Trades -> Home Tab.]]>
    </line>
    <line>
      <![CDATA[  -> Step 2: Processing Product Cards sequentially...]]>
    </line>
    <line>
      <![CDATA[  -> ===============================================]]>
    </line>
    <line>
      <![CDATA[  -> 🧪 TESTING BUSINESS FLOW FOR: MCX Positional]]>
    </line>
    <line>
      <![CDATA[  -> Testing Heart/Like Toggle...]]>
    </line>
    <line>
      <![CDATA[  -> Heart icon not found for this card.]]>
    </line>
    <line>
      <![CDATA[  -> Clicking Product Card to open details...]]>
    </line>
    <line>
      <![CDATA[  -> Could not route into card. Skipping to next.]]>
    </line>
    <line>
      <![CDATA[  -> ===============================================]]>
    </line>
    <line>
      <![CDATA[  -> 🧪 TESTING BUSINESS FLOW FOR: Nifty Positional]]>
    </line>
    <line>
      <![CDATA[  -> Testing Heart/Like Toggle...]]>
    </line>
    <line>
      <![CDATA[  -> Heart icon not found for this card.]]>
    </line>
    <line>
      <![CDATA[  -> Clicking Product Card to open details...]]>
    </line>
    <line>
      <![CDATA[  -> Could not route into card. Skipping to next.]]>
    </line>
    <line>
      <![CDATA[  -> ===============================================]]>
    </line>
    <line>
      <![CDATA[  -> 🧪 TESTING BUSINESS FLOW FOR: Midcap Positional]]>
    </line>
    <line>
      <![CDATA[  -> Testing Heart/Like Toggle...]]>
    </line>
    <line>
      <![CDATA[  -> Heart icon not found for this card.]]>
    </line>
    <line>
      <![CDATA[  -> Clicking Product Card to open details...]]>
    </line>
    <line>
      <![CDATA[  -> Could not route into card. Skipping to next.]]>
    </line>
    <line>
      <![CDATA[  -> ===============================================]]>
    </line>
    <line>
      <![CDATA[  -> 🧪 TESTING BUSINESS FLOW FOR: Long term Goal Oriented]]>
    </line>
    <line>
      <![CDATA[  -> Testing Heart/Like Toggle...]]>
    </line>
    <line>
      <![CDATA[  -> Heart icon not found for this card.]]>
    </line>
    <line>
      <![CDATA[  -> Clicking Product Card to open details...]]>
    </line>
    <line>
      <![CDATA[  -> Could not route into card. Skipping to next.]]>
    </line>
    <line>
      <![CDATA[  -> ===============================================]]>
    </line>
    <line>
      <![CDATA[  -> Step 3: Verifying Ledger in 'My Collection']]>
    </line>
    <line>
      <![CDATA[  -> No new products purchased. Skipping Collection verification.]]>
    </line>
    <line>
      <![CDATA[  -> ✅ Test Case Passed: testAllProductsPaymentGatewayFlow]]>
    </line>
    <line>
      <![CDATA[  -> ⏱️ SCREEN COMPLETED IN: 236.57 SECONDS.]]>
    </line>
    <line>
      <![CDATA[
========================================================]]>
    </line>
    <line>
      <![CDATA[🚀 STARTING TEST: testDynamicTradesScreenFlow]]>
    </line>
    <line>
      <![CDATA[========================================================]]>
    </line>
    <line>
      <![CDATA[  -> Starting Dynamic Trades Screen Verification.]]>
    </line>
    <line>
      <![CDATA[  -> Navigating to Trades Bottom Tab.]]>
    </line>
    <line>
      <![CDATA[  -> Step 1: Extracting dynamic product list from the app...]]>
    </line>
    <line>
      <![CDATA[  -> Dynamically found 3 products: [Nifty Positional, Midcap Positional, Long term Goal Oriented]]]>
    </line>
    <line>
      <![CDATA[  -> ===============================================]]>
    </line>
    <line>
      <![CDATA[  -> 🧪 TESTING PRODUCT: Nifty Positional]]>
    </line>
    <line>
      <![CDATA[  -> -> Checking Home Tab for: Nifty Positional]]>
    </line>
    <line>
      <![CDATA[  -> Found Home Service Card for: Nifty Positional]]>
    </line>
    <line>
      <![CDATA[  -> -> Checking Live Trades Tab for: Nifty Positional]]>
    </line>
    <line>
      <![CDATA[  ->    -> Verifying 'Details' Sub-Tab (Subscription Logic).]]>
    </line>
    <line>
      <![CDATA[  -> 🔒 Product [Nifty Positional] is NOT PURCHASED. 'Activate Now' lock screen is correctly displayed.]]>
    </line>
    <line>
      <![CDATA[  ->    -> Verifying 'Live Commentary' Sub-Tab (Free Access).]]>
    </line>
    <line>
      <![CDATA[  -> ✅ Live Commentary feed loaded with free access data.]]>
    </line>
    <line>
      <![CDATA[  -> -> Checking Closed Trades Tab for: Nifty Positional (Free Access)]]>
    </line>
    <line>
      <![CDATA[  -> ✅ Closed Trades (Booked Trades) loaded with free access data.]]>
    </line>
    <line>
      <![CDATA[  -> ✅ Full verification complete for: Nifty Positional]]>
    </line>
    <line>
      <![CDATA[  -> ===============================================]]>
    </line>
    <line>
      <![CDATA[  -> 🧪 TESTING PRODUCT: Midcap Positional]]>
    </line>
    <line>
      <![CDATA[  -> -> Checking Home Tab for: Midcap Positional]]>
    </line>
    <line>
      <![CDATA[  -> Found Home Service Card for: Midcap Positional]]>
    </line>
    <line>
      <![CDATA[  -> -> Checking Live Trades Tab for: Midcap Positional]]>
    </line>
    <line>
      <![CDATA[  ->    -> Verifying 'Details' Sub-Tab (Subscription Logic).]]>
    </line>
    <line>
      <![CDATA[  -> 🔒 Product [Midcap Positional] is NOT PURCHASED. 'Activate Now' lock screen is correctly displayed.]]>
    </line>
    <line>
      <![CDATA[  ->    -> Verifying 'Live Commentary' Sub-Tab (Free Access).]]>
    </line>
    <line>
      <![CDATA[  -> ✅ Live Commentary feed loaded with free access data.]]>
    </line>
    <line>
      <![CDATA[  -> -> Checking Closed Trades Tab for: Midcap Positional (Free Access)]]>
    </line>
    <line>
      <![CDATA[  -> Closed Trades UI had issues rendering.]]>
    </line>
    <line>
      <![CDATA[  -> ❌ Test Case Failed: testDynamicTradesScreenFlow]]>
    </line>
    <line>
      <![CDATA[  -> ⏱️ SCREEN COMPLETED IN: 95.651 SECONDS.]]>
    </line>
    <line>
      <![CDATA[
========================================================]]>
    </line>
    <line>
      <![CDATA[🚀 STARTING TEST: testLiveSignalRoutingAndNotifications]]>
    </line>
    <line>
      <![CDATA[========================================================]]>
    </line>
    <line>
      <![CDATA[  -> Verifying Signal Distribution Logic.]]>
    </line>
    <line>
      <![CDATA[  -> Opening the first available product to check for Live Commentary...]]>
    </line>
    <line>
      <![CDATA[  -> ❌ Test Case Failed: testLiveSignalRoutingAndNotifications]]>
    </line>
    <line>
      <![CDATA[  -> ⏱️ SCREEN COMPLETED IN: 63.168 SECONDS.]]>
    </line>
    <line>
      <![CDATA[
========================================================]]>
    </line>
    <line>
      <![CDATA[🚀 STARTING TEST: testBlogsScreenFlow]]>
    </line>
    <line>
      <![CDATA[========================================================]]>
    </line>
    <line>
      <![CDATA[  -> Starting Blogs Screen Verification.]]>
    </line>
    <line>
      <![CDATA[  -> Navigating to Blogs Tab.]]>
    </line>
    <line>
      <![CDATA[  -> Step 1: Verifying Blog Card Content.]]>
    </line>
    <line>
      <![CDATA[  -> Could not find any Blog posts in the feed.]]>
    </line>
    <line>
      <![CDATA[  -> ❌ Test Case Failed: testBlogsScreenFlow]]>
    </line>
    <line>
      <![CDATA[  -> ⏱️ SCREEN COMPLETED IN: 15.79 SECONDS.]]>
    </line>
    <line>
      <![CDATA[
========================================================]]>
    </line>
    <line>
      <![CDATA[🚀 STARTING TEST: testToolsScreenFlow]]>
    </line>
    <line>
      <![CDATA[========================================================]]>
    </line>
    <line>
      <![CDATA[  -> Starting Tools Screen Verification.]]>
    </line>
    <line>
      <![CDATA[  -> Navigating to Tools Tab.]]>
    </line>
    <line>
      <![CDATA[  -> Tools Screen Test Failed: Expected condition failed: waiting for presence of element located by: By.xpath: //*[contains(@content-desc, 'Retirement Plans')] (tried for 12 second(s) with 100 milliseconds interval)]]>
    </line>
    <line>
      <![CDATA[  -> ❌ Test Case Failed: testToolsScreenFlow]]>
    </line>
    <line>
      <![CDATA[  -> ⏱️ SCREEN COMPLETED IN: 15.833 SECONDS.]]>
    </line>
    <line>
      <![CDATA[
========================================================]]>
    </line>
    <line>
      <![CDATA[🚀 STARTING TEST: testProfileAndSettingsFlow]]>
    </line>
    <line>
      <![CDATA[========================================================]]>
    </line>
    <line>
      <![CDATA[  -> Starting Profile & Settings Verification.]]>
    </line>
    <line>
      <![CDATA[  -> Step 1: Navigating to Profile Tab.]]>
    </line>
    <line>
      <![CDATA[  -> Profile Main Landing UI loaded.]]>
    </line>
    <line>
      <![CDATA[  -> Step 2: Testing Personal Details Update logic.]]>
    </line>
    <line>
      <![CDATA[  -> Profile & Settings Flow Failed: Expected condition failed: waiting for presence of element located by: AppiumBy.accessibilityId: Update (tried for 12 second(s) with 100 milliseconds interval)]]>
    </line>
    <line>
      <![CDATA[  -> ❌ Test Case Failed: testProfileAndSettingsFlow]]>
    </line>
    <line>
      <![CDATA[  -> ⏱️ SCREEN COMPLETED IN: 16.037 SECONDS.]]>
    </line>
  </reporter-output>
  <suite started-at="2026-03-25T11:28:49 IST" name="ResearchMantra Automation Suite" finished-at="2026-03-25T11:39:37 IST" duration-ms="647160">
    <groups>
    </groups>
    <test started-at="2026-03-25T11:28:49 IST" name="End-to-End Regression Test (New User Flow)" finished-at="2026-03-25T11:39:37 IST" duration-ms="647160">
      <class name="RESEARCHMANTRA_AUTOMATION.AUTOMATION.Push_Notification_And_Signal_Tests">
        <test-method is-config="true" signature="beforeTestLog(java.lang.reflect.Method)[pri:0, instance:RESEARCHMANTRA_AUTOMATION.AUTOMATION.Push_Notification_And_Signal_Tests@198b6731]" started-at="2026-03-25T11:37:41 IST" name="beforeTestLog" finished-at="2026-03-25T11:37:41 IST" duration-ms="0" status="PASS">
          <params>
            <param index="0">
              <value>
                <![CDATA[public void RESEARCHMANTRA_AUTOMATION.AUTOMATION.Push_Notification_And_Signal_Tests.testLiveSignalRoutingAndNotifications()]]>
              </value>
            </param>
          </params>
          <reporter-output>
            <line>
              <![CDATA[
========================================================]]>
            </line>
            <line>
              <![CDATA[🚀 STARTING TEST: testLiveSignalRoutingAndNotifications]]>
            </line>
            <line>
              <![CDATA[========================================================]]>
            </line>
          </reporter-output>
        </test-method> <!-- beforeTestLog -->
        <test-method signature="testLiveSignalRoutingAndNotifications()[pri:8, instance:RESEARCHMANTRA_AUTOMATION.AUTOMATION.Push_Notification_And_Signal_Tests@198b6731]" started-at="2026-03-25T11:37:41 IST" name="testLiveSignalRoutingAndNotifications" description="Test In-App Notification Routing and Signal State Distribution" finished-at="2026-03-25T11:38:44 IST" duration-ms="63165" status="FAIL">
          <exception class="java.lang.AssertionError">
            <message>
              <![CDATA[Failed to open product card to check signals. Clicks ignored by UI.]]>
            </message>
            <full-stacktrace>
              <![CDATA[java.lang.AssertionError: Failed to open product card to check signals. Clicks ignored by UI.
at org.testng.Assert.fail(Assert.java:111)
at RESEARCHMANTRA_AUTOMATION.AUTOMATION.Push_Notification_And_Signal_Tests.testLiveSignalRoutingAndNotifications(Push_Notification_And_Signal_Tests.java:64)
at java.base/jdk.internal.reflect.DirectMethodHandleAccessor.invoke(DirectMethodHandleAccessor.java:104)
at java.base/java.lang.reflect.Method.invoke(Method.java:565)
at org.testng.internal.invokers.MethodInvocationHelper.invokeMethod(MethodInvocationHelper.java:141)
at org.testng.internal.invokers.TestInvoker.invokeMethod(TestInvoker.java:687)
at org.testng.internal.invokers.TestInvoker.invokeTestMethod(TestInvoker.java:230)
at org.testng.internal.invokers.MethodRunner.runInSequence(MethodRunner.java:63)
at org.testng.internal.invokers.TestInvoker$MethodInvocationAgent.invoke(TestInvoker.java:995)
at org.testng.internal.invokers.TestInvoker.invokeTestMethods(TestInvoker.java:203)
at org.testng.internal.invokers.TestMethodWorker.invokeTestMethods(TestMethodWorker.java:154)
at org.testng.internal.invokers.TestMethodWorker.run(TestMethodWorker.java:134)
at java.base/java.util.ArrayList.forEach(ArrayList.java:1604)
at org.testng.TestRunner.privateRun(TestRunner.java:741)
at org.testng.TestRunner.run(TestRunner.java:616)
at org.testng.SuiteRunner.runTest(SuiteRunner.java:421)
at org.testng.SuiteRunner.runSequentially(SuiteRunner.java:413)
at org.testng.SuiteRunner.privateRun(SuiteRunner.java:373)
at org.testng.SuiteRunner.run(SuiteRunner.java:312)
at org.testng.SuiteRunnerWorker.runSuite(SuiteRunnerWorker.java:52)
at org.testng.SuiteRunnerWorker.run(SuiteRunnerWorker.java:95)
at org.testng.TestNG.runSuitesSequentially(TestNG.java:1274)
at org.testng.TestNG.runSuitesLocally(TestNG.java:1208)
at org.testng.TestNG.runSuites(TestNG.java:1112)
at org.testng.TestNG.run(TestNG.java:1079)
at org.testng.remote.AbstractRemoteTestNG.run(AbstractRemoteTestNG.java:115)
at org.testng.remote.RemoteTestNG.initAndRun(RemoteTestNG.java:293)
at org.testng.remote.RemoteTestNG.main(RemoteTestNG.java:91)
]]>
            </full-stacktrace>
          </exception> <!-- java.lang.AssertionError -->
          <reporter-output>
            <line>
              <![CDATA[  -> Verifying Signal Distribution Logic.]]>
            </line>
            <line>
              <![CDATA[  -> Opening the first available product to check for Live Commentary...]]>
            </line>
          </reporter-output>
        </test-method> <!-- testLiveSignalRoutingAndNotifications -->
        <test-method is-config="true" signature="getResult(org.testng.ITestResult)[pri:0, instance:RESEARCHMANTRA_AUTOMATION.AUTOMATION.Push_Notification_And_Signal_Tests@198b6731]" started-at="2026-03-25T11:38:44 IST" name="getResult" finished-at="2026-03-25T11:38:45 IST" duration-ms="1195" status="PASS">
          <params>
            <param index="0">
              <value>
                <![CDATA[[TestResult name=testLiveSignalRoutingAndNotifications status=FAILURE method=Push_Notification_And_Signal_Tests.testLiveSignalRoutingAndNotifications()[pri:8, instance:RESEARCHMANTRA_AUTOMATION.AUTOMATION.Push_Notification_And_Signal_Tests@198b6731] output=  -> Verifying Signal Distribution Logic.]]]>
              </value>
            </param>
          </params>
          <reporter-output>
            <line>
              <![CDATA[  -> ❌ Test Case Failed: testLiveSignalRoutingAndNotifications]]>
            </line>
            <line>
              <![CDATA[  -> ⏱️ SCREEN COMPLETED IN: 63.168 SECONDS.]]>
            </line>
          </reporter-output>
        </test-method> <!-- getResult -->
      </class> <!-- RESEARCHMANTRA_AUTOMATION.AUTOMATION.Push_Notification_And_Signal_Tests -->
      <class name="RESEARCHMANTRA_AUTOMATION.AUTOMATION.Profile_And_Settings_Tests">
        <test-method signature="testProfileAndSettingsFlow()[pri:6, instance:RESEARCHMANTRA_AUTOMATION.AUTOMATION.Profile_And_Settings_Tests@3bf7ca37]" started-at="2026-03-25T11:39:19 IST" name="testProfileAndSettingsFlow" description="Comprehensive Profile, Deep Clicks, Chrome Intents, and Settings Flow" finished-at="2026-03-25T11:39:35 IST" duration-ms="16036" status="FAIL">
          <exception class="java.lang.AssertionError">
            <message>
              <![CDATA[Expected condition failed: waiting for presence of element located by: AppiumBy.accessibilityId: Update (tried for 12 second(s) with 100 milliseconds interval)]]>
            </message>
            <full-stacktrace>
              <![CDATA[java.lang.AssertionError: Expected condition failed: waiting for presence of element located by: AppiumBy.accessibilityId: Update (tried for 12 second(s) with 100 milliseconds interval)
at org.testng.Assert.fail(Assert.java:111)
at RESEARCHMANTRA_AUTOMATION.AUTOMATION.Profile_And_Settings_Tests.testProfileAndSettingsFlow(Profile_And_Settings_Tests.java:141)
at java.base/jdk.internal.reflect.DirectMethodHandleAccessor.invoke(DirectMethodHandleAccessor.java:104)
at java.base/java.lang.reflect.Method.invoke(Method.java:565)
at org.testng.internal.invokers.MethodInvocationHelper.invokeMethod(MethodInvocationHelper.java:141)
at org.testng.internal.invokers.TestInvoker.invokeMethod(TestInvoker.java:687)
at org.testng.internal.invokers.TestInvoker.invokeTestMethod(TestInvoker.java:230)
at org.testng.internal.invokers.MethodRunner.runInSequence(MethodRunner.java:63)
at org.testng.internal.invokers.TestInvoker$MethodInvocationAgent.invoke(TestInvoker.java:995)
at org.testng.internal.invokers.TestInvoker.invokeTestMethods(TestInvoker.java:203)
at org.testng.internal.invokers.TestMethodWorker.invokeTestMethods(TestMethodWorker.java:154)
at org.testng.internal.invokers.TestMethodWorker.run(TestMethodWorker.java:134)
at java.base/java.util.ArrayList.forEach(ArrayList.java:1604)
at org.testng.TestRunner.privateRun(TestRunner.java:741)
at org.testng.TestRunner.run(TestRunner.java:616)
at org.testng.SuiteRunner.runTest(SuiteRunner.java:421)
at org.testng.SuiteRunner.runSequentially(SuiteRunner.java:413)
at org.testng.SuiteRunner.privateRun(SuiteRunner.java:373)
at org.testng.SuiteRunner.run(SuiteRunner.java:312)
at org.testng.SuiteRunnerWorker.runSuite(SuiteRunnerWorker.java:52)
at org.testng.SuiteRunnerWorker.run(SuiteRunnerWorker.java:95)
at org.testng.TestNG.runSuitesSequentially(TestNG.java:1274)
at org.testng.TestNG.runSuitesLocally(TestNG.java:1208)
at org.testng.TestNG.runSuites(TestNG.java:1112)
at org.testng.TestNG.run(TestNG.java:1079)
at org.testng.remote.AbstractRemoteTestNG.run(AbstractRemoteTestNG.java:115)
at org.testng.remote.RemoteTestNG.initAndRun(RemoteTestNG.java:293)
at org.testng.remote.RemoteTestNG.main(RemoteTestNG.java:91)
]]>
            </full-stacktrace>
          </exception> <!-- java.lang.AssertionError -->
          <reporter-output>
            <line>
              <![CDATA[  -> Starting Profile & Settings Verification.]]>
            </line>
            <line>
              <![CDATA[  -> Step 1: Navigating to Profile Tab.]]>
            </line>
            <line>
              <![CDATA[  -> Profile Main Landing UI loaded.]]>
            </line>
            <line>
              <![CDATA[  -> Step 2: Testing Personal Details Update logic.]]>
            </line>
            <line>
              <![CDATA[  -> Profile & Settings Flow Failed: Expected condition failed: waiting for presence of element located by: AppiumBy.accessibilityId: Update (tried for 12 second(s) with 100 milliseconds interval)]]>
            </line>
          </reporter-output>
        </test-method> <!-- testProfileAndSettingsFlow -->
        <test-method is-config="true" signature="beforeTestLog(java.lang.reflect.Method)[pri:0, instance:RESEARCHMANTRA_AUTOMATION.AUTOMATION.Profile_And_Settings_Tests@3bf7ca37]" started-at="2026-03-25T11:39:19 IST" name="beforeTestLog" finished-at="2026-03-25T11:39:19 IST" duration-ms="0" status="PASS">
          <params>
            <param index="0">
              <value>
                <![CDATA[public void RESEARCHMANTRA_AUTOMATION.AUTOMATION.Profile_And_Settings_Tests.testProfileAndSettingsFlow()]]>
              </value>
            </param>
          </params>
          <reporter-output>
            <line>
              <![CDATA[
========================================================]]>
            </line>
            <line>
              <![CDATA[🚀 STARTING TEST: testProfileAndSettingsFlow]]>
            </line>
            <line>
              <![CDATA[========================================================]]>
            </line>
          </reporter-output>
        </test-method> <!-- beforeTestLog -->
        <test-method is-config="true" signature="getResult(org.testng.ITestResult)[pri:0, instance:RESEARCHMANTRA_AUTOMATION.AUTOMATION.Profile_And_Settings_Tests@3bf7ca37]" started-at="2026-03-25T11:39:35 IST" name="getResult" finished-at="2026-03-25T11:39:37 IST" duration-ms="1449" status="PASS">
          <params>
            <param index="0">
              <value>
                <![CDATA[[TestResult name=testProfileAndSettingsFlow status=FAILURE method=Profile_And_Settings_Tests.testProfileAndSettingsFlow()[pri:6, instance:RESEARCHMANTRA_AUTOMATION.AUTOMATION.Profile_And_Settings_Tests@3bf7ca37] output=  -> Starting Profile & Settings Verification.]]]>
              </value>
            </param>
          </params>
          <reporter-output>
            <line>
              <![CDATA[  -> ❌ Test Case Failed: testProfileAndSettingsFlow]]>
            </line>
            <line>
              <![CDATA[  -> ⏱️ SCREEN COMPLETED IN: 16.037 SECONDS.]]>
            </line>
          </reporter-output>
        </test-method> <!-- getResult -->
      </class> <!-- RESEARCHMANTRA_AUTOMATION.AUTOMATION.Profile_And_Settings_Tests -->
      <class name="RESEARCHMANTRA_AUTOMATION.AUTOMATION.Tools_Screen_Tests">
        <test-method signature="testToolsScreenFlow()[pri:5, instance:RESEARCHMANTRA_AUTOMATION.AUTOMATION.Tools_Screen_Tests@3c9754d8]" started-at="2026-03-25T11:39:02 IST" name="testToolsScreenFlow" description="Verify Tools Tab UI and Open All Calculators (TC-075 to TC-085)" finished-at="2026-03-25T11:39:18 IST" duration-ms="15831" status="FAIL">
          <exception class="java.lang.AssertionError">
            <message>
              <![CDATA[Tools Screen Flow Failure: Expected condition failed: waiting for presence of element located by: By.xpath: //*[contains(@content-desc, 'Retirement Plans')] (tried for 12 second(s) with 100 milliseconds interval)]]>
            </message>
            <full-stacktrace>
              <![CDATA[java.lang.AssertionError: Tools Screen Flow Failure: Expected condition failed: waiting for presence of element located by: By.xpath: //*[contains(@content-desc, 'Retirement Plans')] (tried for 12 second(s) with 100 milliseconds interval)
at org.testng.Assert.fail(Assert.java:111)
at RESEARCHMANTRA_AUTOMATION.AUTOMATION.Tools_Screen_Tests.testToolsScreenFlow(Tools_Screen_Tests.java:93)
at java.base/jdk.internal.reflect.DirectMethodHandleAccessor.invoke(DirectMethodHandleAccessor.java:104)
at java.base/java.lang.reflect.Method.invoke(Method.java:565)
at org.testng.internal.invokers.MethodInvocationHelper.invokeMethod(MethodInvocationHelper.java:141)
at org.testng.internal.invokers.TestInvoker.invokeMethod(TestInvoker.java:687)
at org.testng.internal.invokers.TestInvoker.invokeTestMethod(TestInvoker.java:230)
at org.testng.internal.invokers.MethodRunner.runInSequence(MethodRunner.java:63)
at org.testng.internal.invokers.TestInvoker$MethodInvocationAgent.invoke(TestInvoker.java:995)
at org.testng.internal.invokers.TestInvoker.invokeTestMethods(TestInvoker.java:203)
at org.testng.internal.invokers.TestMethodWorker.invokeTestMethods(TestMethodWorker.java:154)
at org.testng.internal.invokers.TestMethodWorker.run(TestMethodWorker.java:134)
at java.base/java.util.ArrayList.forEach(ArrayList.java:1604)
at org.testng.TestRunner.privateRun(TestRunner.java:741)
at org.testng.TestRunner.run(TestRunner.java:616)
at org.testng.SuiteRunner.runTest(SuiteRunner.java:421)
at org.testng.SuiteRunner.runSequentially(SuiteRunner.java:413)
at org.testng.SuiteRunner.privateRun(SuiteRunner.java:373)
at org.testng.SuiteRunner.run(SuiteRunner.java:312)
at org.testng.SuiteRunnerWorker.runSuite(SuiteRunnerWorker.java:52)
at org.testng.SuiteRunnerWorker.run(SuiteRunnerWorker.java:95)
at org.testng.TestNG.runSuitesSequentially(TestNG.java:1274)
at org.testng.TestNG.runSuitesLocally(TestNG.java:1208)
at org.testng.TestNG.runSuites(TestNG.java:1112)
at org.testng.TestNG.run(TestNG.java:1079)
at org.testng.remote.AbstractRemoteTestNG.run(AbstractRemoteTestNG.java:115)
at org.testng.remote.RemoteTestNG.initAndRun(RemoteTestNG.java:293)
at org.testng.remote.RemoteTestNG.main(RemoteTestNG.java:91)
]]>
            </full-stacktrace>
          </exception> <!-- java.lang.AssertionError -->
          <reporter-output>
            <line>
              <![CDATA[  -> Starting Tools Screen Verification.]]>
            </line>
            <line>
              <![CDATA[  -> Navigating to Tools Tab.]]>
            </line>
            <line>
              <![CDATA[  -> Tools Screen Test Failed: Expected condition failed: waiting for presence of element located by: By.xpath: //*[contains(@content-desc, 'Retirement Plans')] (tried for 12 second(s) with 100 milliseconds interval)]]>
            </line>
          </reporter-output>
        </test-method> <!-- testToolsScreenFlow -->
        <test-method is-config="true" signature="beforeTestLog(java.lang.reflect.Method)[pri:0, instance:RESEARCHMANTRA_AUTOMATION.AUTOMATION.Tools_Screen_Tests@3c9754d8]" started-at="2026-03-25T11:39:02 IST" name="beforeTestLog" finished-at="2026-03-25T11:39:02 IST" duration-ms="0" status="PASS">
          <params>
            <param index="0">
              <value>
                <![CDATA[public void RESEARCHMANTRA_AUTOMATION.AUTOMATION.Tools_Screen_Tests.testToolsScreenFlow()]]>
              </value>
            </param>
          </params>
          <reporter-output>
            <line>
              <![CDATA[
========================================================]]>
            </line>
            <line>
              <![CDATA[🚀 STARTING TEST: testToolsScreenFlow]]>
            </line>
            <line>
              <![CDATA[========================================================]]>
            </line>
          </reporter-output>
        </test-method> <!-- beforeTestLog -->
        <test-method is-config="true" signature="getResult(org.testng.ITestResult)[pri:0, instance:RESEARCHMANTRA_AUTOMATION.AUTOMATION.Tools_Screen_Tests@3c9754d8]" started-at="2026-03-25T11:39:18 IST" name="getResult" finished-at="2026-03-25T11:39:19 IST" duration-ms="1346" status="PASS">
          <params>
            <param index="0">
              <value>
                <![CDATA[[TestResult name=testToolsScreenFlow status=FAILURE method=Tools_Screen_Tests.testToolsScreenFlow()[pri:5, instance:RESEARCHMANTRA_AUTOMATION.AUTOMATION.Tools_Screen_Tests@3c9754d8] output=  -> Starting Tools Screen Verification.]]]>
              </value>
            </param>
          </params>
          <reporter-output>
            <line>
              <![CDATA[  -> ❌ Test Case Failed: testToolsScreenFlow]]>
            </line>
            <line>
              <![CDATA[  -> ⏱️ SCREEN COMPLETED IN: 15.833 SECONDS.]]>
            </line>
          </reporter-output>
        </test-method> <!-- getResult -->
      </class> <!-- RESEARCHMANTRA_AUTOMATION.AUTOMATION.Tools_Screen_Tests -->
      <class name="RESEARCHMANTRA_AUTOMATION.AUTOMATION.Trades_Screen_Tests">
        <test-method is-config="true" signature="beforeTestLog(java.lang.reflect.Method)[pri:0, instance:RESEARCHMANTRA_AUTOMATION.AUTOMATION.Trades_Screen_Tests@3857f613]" started-at="2026-03-25T11:36:04 IST" name="beforeTestLog" finished-at="2026-03-25T11:36:04 IST" duration-ms="1" status="PASS">
          <params>
            <param index="0">
              <value>
                <![CDATA[public void RESEARCHMANTRA_AUTOMATION.AUTOMATION.Trades_Screen_Tests.testDynamicTradesScreenFlow()]]>
              </value>
            </param>
          </params>
          <reporter-output>
            <line>
              <![CDATA[
========================================================]]>
            </line>
            <line>
              <![CDATA[🚀 STARTING TEST: testDynamicTradesScreenFlow]]>
            </line>
            <line>
              <![CDATA[========================================================]]>
            </line>
          </reporter-output>
        </test-method> <!-- beforeTestLog -->
        <test-method signature="testDynamicTradesScreenFlow()[pri:3, instance:RESEARCHMANTRA_AUTOMATION.AUTOMATION.Trades_Screen_Tests@3857f613]" started-at="2026-03-25T11:36:04 IST" name="testDynamicTradesScreenFlow" description="Dynamically Verify All Products: Subscription States, Free Access Tabs, and Empty Data" finished-at="2026-03-25T11:37:39 IST" duration-ms="95647" status="FAIL">
          <exception class="java.lang.AssertionError">
            <message>
              <![CDATA[Closed Trades UI check failed.]]>
            </message>
            <full-stacktrace>
              <![CDATA[java.lang.AssertionError: Closed Trades UI check failed.
at org.testng.Assert.fail(Assert.java:111)
at RESEARCHMANTRA_AUTOMATION.AUTOMATION.Trades_Screen_Tests.verifyClosedTradeDetails(Trades_Screen_Tests.java:236)
at RESEARCHMANTRA_AUTOMATION.AUTOMATION.Trades_Screen_Tests.testDynamicTradesScreenFlow(Trades_Screen_Tests.java:90)
at java.base/jdk.internal.reflect.DirectMethodHandleAccessor.invoke(DirectMethodHandleAccessor.java:104)
at java.base/java.lang.reflect.Method.invoke(Method.java:565)
at org.testng.internal.invokers.MethodInvocationHelper.invokeMethod(MethodInvocationHelper.java:141)
at org.testng.internal.invokers.TestInvoker.invokeMethod(TestInvoker.java:687)
at org.testng.internal.invokers.TestInvoker.invokeTestMethod(TestInvoker.java:230)
at org.testng.internal.invokers.MethodRunner.runInSequence(MethodRunner.java:63)
at org.testng.internal.invokers.TestInvoker$MethodInvocationAgent.invoke(TestInvoker.java:995)
at org.testng.internal.invokers.TestInvoker.invokeTestMethods(TestInvoker.java:203)
at org.testng.internal.invokers.TestMethodWorker.invokeTestMethods(TestMethodWorker.java:154)
at org.testng.internal.invokers.TestMethodWorker.run(TestMethodWorker.java:134)
at java.base/java.util.ArrayList.forEach(ArrayList.java:1604)
at org.testng.TestRunner.privateRun(TestRunner.java:741)
at org.testng.TestRunner.run(TestRunner.java:616)
at org.testng.SuiteRunner.runTest(SuiteRunner.java:421)
at org.testng.SuiteRunner.runSequentially(SuiteRunner.java:413)
at org.testng.SuiteRunner.privateRun(SuiteRunner.java:373)
at org.testng.SuiteRunner.run(SuiteRunner.java:312)
at org.testng.SuiteRunnerWorker.runSuite(SuiteRunnerWorker.java:52)
at org.testng.SuiteRunnerWorker.run(SuiteRunnerWorker.java:95)
at org.testng.TestNG.runSuitesSequentially(TestNG.java:1274)
at org.testng.TestNG.runSuitesLocally(TestNG.java:1208)
at org.testng.TestNG.runSuites(TestNG.java:1112)
at org.testng.TestNG.run(TestNG.java:1079)
at org.testng.remote.AbstractRemoteTestNG.run(AbstractRemoteTestNG.java:115)
at org.testng.remote.RemoteTestNG.initAndRun(RemoteTestNG.java:293)
at org.testng.remote.RemoteTestNG.main(RemoteTestNG.java:91)
]]>
            </full-stacktrace>
          </exception> <!-- java.lang.AssertionError -->
          <reporter-output>
            <line>
              <![CDATA[  -> Starting Dynamic Trades Screen Verification.]]>
            </line>
            <line>
              <![CDATA[  -> Navigating to Trades Bottom Tab.]]>
            </line>
            <line>
              <![CDATA[  -> Step 1: Extracting dynamic product list from the app...]]>
            </line>
            <line>
              <![CDATA[  -> Dynamically found 3 products: [Nifty Positional, Midcap Positional, Long term Goal Oriented]]]>
            </line>
            <line>
              <![CDATA[  -> ===============================================]]>
            </line>
            <line>
              <![CDATA[  -> 🧪 TESTING PRODUCT: Nifty Positional]]>
            </line>
            <line>
              <![CDATA[  -> -> Checking Home Tab for: Nifty Positional]]>
            </line>
            <line>
              <![CDATA[  -> Found Home Service Card for: Nifty Positional]]>
            </line>
            <line>
              <![CDATA[  -> -> Checking Live Trades Tab for: Nifty Positional]]>
            </line>
            <line>
              <![CDATA[  ->    -> Verifying 'Details' Sub-Tab (Subscription Logic).]]>
            </line>
            <line>
              <![CDATA[  -> 🔒 Product [Nifty Positional] is NOT PURCHASED. 'Activate Now' lock screen is correctly displayed.]]>
            </line>
            <line>
              <![CDATA[  ->    -> Verifying 'Live Commentary' Sub-Tab (Free Access).]]>
            </line>
            <line>
              <![CDATA[  -> ✅ Live Commentary feed loaded with free access data.]]>
            </line>
            <line>
              <![CDATA[  -> -> Checking Closed Trades Tab for: Nifty Positional (Free Access)]]>
            </line>
            <line>
              <![CDATA[  -> ✅ Closed Trades (Booked Trades) loaded with free access data.]]>
            </line>
            <line>
              <![CDATA[  -> ✅ Full verification complete for: Nifty Positional]]>
            </line>
            <line>
              <![CDATA[  -> ===============================================]]>
            </line>
            <line>
              <![CDATA[  -> 🧪 TESTING PRODUCT: Midcap Positional]]>
            </line>
            <line>
              <![CDATA[  -> -> Checking Home Tab for: Midcap Positional]]>
            </line>
            <line>
              <![CDATA[  -> Found Home Service Card for: Midcap Positional]]>
            </line>
            <line>
              <![CDATA[  -> -> Checking Live Trades Tab for: Midcap Positional]]>
            </line>
            <line>
              <![CDATA[  ->    -> Verifying 'Details' Sub-Tab (Subscription Logic).]]>
            </line>
            <line>
              <![CDATA[  -> 🔒 Product [Midcap Positional] is NOT PURCHASED. 'Activate Now' lock screen is correctly displayed.]]>
            </line>
            <line>
              <![CDATA[  ->    -> Verifying 'Live Commentary' Sub-Tab (Free Access).]]>
            </line>
            <line>
              <![CDATA[  -> ✅ Live Commentary feed loaded with free access data.]]>
            </line>
            <line>
              <![CDATA[  -> -> Checking Closed Trades Tab for: Midcap Positional (Free Access)]]>
            </line>
            <line>
              <![CDATA[  -> Closed Trades UI had issues rendering.]]>
            </line>
          </reporter-output>
        </test-method> <!-- testDynamicTradesScreenFlow -->
        <test-method is-config="true" signature="getResult(org.testng.ITestResult)[pri:0, instance:RESEARCHMANTRA_AUTOMATION.AUTOMATION.Trades_Screen_Tests@3857f613]" started-at="2026-03-25T11:37:39 IST" name="getResult" finished-at="2026-03-25T11:37:41 IST" duration-ms="1299" status="PASS">
          <params>
            <param index="0">
              <value>
                <![CDATA[[TestResult name=testDynamicTradesScreenFlow status=FAILURE method=Trades_Screen_Tests.testDynamicTradesScreenFlow()[pri:3, instance:RESEARCHMANTRA_AUTOMATION.AUTOMATION.Trades_Screen_Tests@3857f613] output=  -> Starting Dynamic Trades Screen Verification.]]]>
              </value>
            </param>
          </params>
          <reporter-output>
            <line>
              <![CDATA[  -> ❌ Test Case Failed: testDynamicTradesScreenFlow]]>
            </line>
            <line>
              <![CDATA[  -> ⏱️ SCREEN COMPLETED IN: 95.651 SECONDS.]]>
            </line>
          </reporter-output>
        </test-method> <!-- getResult -->
      </class> <!-- RESEARCHMANTRA_AUTOMATION.AUTOMATION.Trades_Screen_Tests -->
      <class name="RESEARCHMANTRA_AUTOMATION.AUTOMATION.Blogs_Screen_Tests">
        <test-method signature="testBlogsScreenFlow()[pri:4, instance:RESEARCHMANTRA_AUTOMATION.AUTOMATION.Blogs_Screen_Tests@7c6908d7]" started-at="2026-03-25T11:38:45 IST" name="testBlogsScreenFlow" description="Verify Blogs Tab, Feed, Like Toggle, and Subscription Create Logic" finished-at="2026-03-25T11:39:01 IST" duration-ms="15787" status="FAIL">
          <exception class="java.lang.AssertionError">
            <message>
              <![CDATA[Blog Feed is empty or failing to load.]]>
            </message>
            <full-stacktrace>
              <![CDATA[java.lang.AssertionError: Blog Feed is empty or failing to load.
at org.testng.Assert.fail(Assert.java:111)
at RESEARCHMANTRA_AUTOMATION.AUTOMATION.Blogs_Screen_Tests.testBlogsScreenFlow(Blogs_Screen_Tests.java:49)
at java.base/jdk.internal.reflect.DirectMethodHandleAccessor.invoke(DirectMethodHandleAccessor.java:104)
at java.base/java.lang.reflect.Method.invoke(Method.java:565)
at org.testng.internal.invokers.MethodInvocationHelper.invokeMethod(MethodInvocationHelper.java:141)
at org.testng.internal.invokers.TestInvoker.invokeMethod(TestInvoker.java:687)
at org.testng.internal.invokers.TestInvoker.invokeTestMethod(TestInvoker.java:230)
at org.testng.internal.invokers.MethodRunner.runInSequence(MethodRunner.java:63)
at org.testng.internal.invokers.TestInvoker$MethodInvocationAgent.invoke(TestInvoker.java:995)
at org.testng.internal.invokers.TestInvoker.invokeTestMethods(TestInvoker.java:203)
at org.testng.internal.invokers.TestMethodWorker.invokeTestMethods(TestMethodWorker.java:154)
at org.testng.internal.invokers.TestMethodWorker.run(TestMethodWorker.java:134)
at java.base/java.util.ArrayList.forEach(ArrayList.java:1604)
at org.testng.TestRunner.privateRun(TestRunner.java:741)
at org.testng.TestRunner.run(TestRunner.java:616)
at org.testng.SuiteRunner.runTest(SuiteRunner.java:421)
at org.testng.SuiteRunner.runSequentially(SuiteRunner.java:413)
at org.testng.SuiteRunner.privateRun(SuiteRunner.java:373)
at org.testng.SuiteRunner.run(SuiteRunner.java:312)
at org.testng.SuiteRunnerWorker.runSuite(SuiteRunnerWorker.java:52)
at org.testng.SuiteRunnerWorker.run(SuiteRunnerWorker.java:95)
at org.testng.TestNG.runSuitesSequentially(TestNG.java:1274)
at org.testng.TestNG.runSuitesLocally(TestNG.java:1208)
at org.testng.TestNG.runSuites(TestNG.java:1112)
at org.testng.TestNG.run(TestNG.java:1079)
at org.testng.remote.AbstractRemoteTestNG.run(AbstractRemoteTestNG.java:115)
at org.testng.remote.RemoteTestNG.initAndRun(RemoteTestNG.java:293)
at org.testng.remote.RemoteTestNG.main(RemoteTestNG.java:91)
]]>
            </full-stacktrace>
          </exception> <!-- java.lang.AssertionError -->
          <reporter-output>
            <line>
              <![CDATA[  -> Starting Blogs Screen Verification.]]>
            </line>
            <line>
              <![CDATA[  -> Navigating to Blogs Tab.]]>
            </line>
            <line>
              <![CDATA[  -> Step 1: Verifying Blog Card Content.]]>
            </line>
            <line>
              <![CDATA[  -> Could not find any Blog posts in the feed.]]>
            </line>
          </reporter-output>
        </test-method> <!-- testBlogsScreenFlow -->
        <test-method is-config="true" signature="beforeTestLog(java.lang.reflect.Method)[pri:0, instance:RESEARCHMANTRA_AUTOMATION.AUTOMATION.Blogs_Screen_Tests@7c6908d7]" started-at="2026-03-25T11:38:45 IST" name="beforeTestLog" finished-at="2026-03-25T11:38:45 IST" duration-ms="0" status="PASS">
          <params>
            <param index="0">
              <value>
                <![CDATA[public void RESEARCHMANTRA_AUTOMATION.AUTOMATION.Blogs_Screen_Tests.testBlogsScreenFlow()]]>
              </value>
            </param>
          </params>
          <reporter-output>
            <line>
              <![CDATA[
========================================================]]>
            </line>
            <line>
              <![CDATA[🚀 STARTING TEST: testBlogsScreenFlow]]>
            </line>
            <line>
              <![CDATA[========================================================]]>
            </line>
          </reporter-output>
        </test-method> <!-- beforeTestLog -->
        <test-method is-config="true" signature="getResult(org.testng.ITestResult)[pri:0, instance:RESEARCHMANTRA_AUTOMATION.AUTOMATION.Blogs_Screen_Tests@7c6908d7]" started-at="2026-03-25T11:39:01 IST" name="getResult" finished-at="2026-03-25T11:39:02 IST" duration-ms="1196" status="PASS">
          <params>
            <param index="0">
              <value>
                <![CDATA[[TestResult name=testBlogsScreenFlow status=FAILURE method=Blogs_Screen_Tests.testBlogsScreenFlow()[pri:4, instance:RESEARCHMANTRA_AUTOMATION.AUTOMATION.Blogs_Screen_Tests@7c6908d7] output=  -> Starting Blogs Screen Verification.]]]>
              </value>
            </param>
          </params>
          <reporter-output>
            <line>
              <![CDATA[  -> ❌ Test Case Failed: testBlogsScreenFlow]]>
            </line>
            <line>
              <![CDATA[  -> ⏱️ SCREEN COMPLETED IN: 15.79 SECONDS.]]>
            </line>
          </reporter-output>
        </test-method> <!-- getResult -->
      </class> <!-- RESEARCHMANTRA_AUTOMATION.AUTOMATION.Blogs_Screen_Tests -->
      <class name="RESEARCHMANTRA_AUTOMATION.AUTOMATION.Dashboard_Navigation_Tests">
        <test-method is-config="true" signature="beforeTestLog(java.lang.reflect.Method)[pri:0, instance:RESEARCHMANTRA_AUTOMATION.AUTOMATION.Dashboard_Navigation_Tests@15de0b3c]" started-at="2026-03-25T11:31:27 IST" name="beforeTestLog" finished-at="2026-03-25T11:31:27 IST" duration-ms="1" status="PASS">
          <params>
            <param index="0">
              <value>
                <![CDATA[public void RESEARCHMANTRA_AUTOMATION.AUTOMATION.Dashboard_Navigation_Tests.testDashboardCompleteFlow()]]>
              </value>
            </param>
          </params>
          <reporter-output>
            <line>
              <![CDATA[
========================================================]]>
            </line>
            <line>
              <![CDATA[🚀 STARTING TEST: testDashboardCompleteFlow]]>
            </line>
            <line>
              <![CDATA[========================================================]]>
            </line>
          </reporter-output>
        </test-method> <!-- beforeTestLog -->
        <test-method signature="testDashboardCompleteFlow()[pri:2, instance:RESEARCHMANTRA_AUTOMATION.AUTOMATION.Dashboard_Navigation_Tests@15de0b3c]" started-at="2026-03-25T11:31:27 IST" name="testDashboardCompleteFlow" description="Comprehensive E2E Dashboard Flow: Header, Notifications, Cards, Analytics, and Nav" finished-at="2026-03-25T11:32:05 IST" duration-ms="37706" status="PASS">
          <reporter-output>
            <line>
              <![CDATA[  -> Starting Comprehensive Dashboard Verification...]]>
            </line>
            <line>
              <![CDATA[  -> Step 1: Checking User Profile Name in Header.]]>
            </line>
            <line>
              <![CDATA[  -> Profile Name verified in header: vamshi krishna]]>
            </line>
            <line>
              <![CDATA[  -> Step 2: Checking Notification Bell & Tabs.]]>
            </line>
            <line>
              <![CDATA[  -> Clicked Notification Bell successfully.]]>
            </line>
            <line>
              <![CDATA[  -> Successfully interacted with all Notification tabs.]]>
            </line>
            <line>
              <![CDATA[  -> Returned to Dashboard from Notifications.]]>
            </line>
            <line>
              <![CDATA[  -> Step 3: Deep Clicking Core Trade Category Cards.]]>
            </line>
            <line>
              <![CDATA[  -> Testing Routing for: MCX Positional]]>
            </line>
            <line>
              <![CDATA[  -> ✅ Successfully routed to Product Screen for: MCX Positional]]>
            </line>
            <line>
              <![CDATA[  -> Testing Routing for: Long term Goal Oriented]]>
            </line>
            <line>
              <![CDATA[  -> ✅ Successfully routed to Product Screen for: Long term Goal Oriented]]>
            </line>
            <line>
              <![CDATA[  -> Testing Routing for: Nifty Positional]]>
            </line>
            <line>
              <![CDATA[  -> ✅ Successfully routed to Product Screen for: Nifty Positional]]>
            </line>
            <line>
              <![CDATA[  -> Testing Routing for: Midcap Positional]]>
            </line>
            <line>
              <![CDATA[  -> ✅ Successfully routed to Product Screen for: Midcap Positional]]>
            </line>
            <line>
              <![CDATA[  -> Step 4: Deep Clicking Promotional Banners.]]>
            </line>
            <line>
              <![CDATA[  -> Routing check for Research Reports timed out.]]>
            </line>
            <line>
              <![CDATA[  -> Step 5: Testing Bottom Navigation Functional Clicks.]]>
            </line>
            <line>
              <![CDATA[  -> Clicking Bottom Nav Tab: Trades]]>
            </line>
            <line>
              <![CDATA[  -> Navigated to 'Trades' tab successfully.]]>
            </line>
            <line>
              <![CDATA[  -> Clicking Bottom Nav Tab: Blogs]]>
            </line>
            <line>
              <![CDATA[  -> Navigated to 'Blogs' tab successfully.]]>
            </line>
            <line>
              <![CDATA[  -> Clicking Bottom Nav Tab: Tools]]>
            </line>
            <line>
              <![CDATA[  -> Navigated to 'Tools' tab successfully.]]>
            </line>
            <line>
              <![CDATA[  -> Clicking Bottom Nav Tab: Profile]]>
            </line>
            <line>
              <![CDATA[  -> Navigated to 'Profile' tab successfully.]]>
            </line>
            <line>
              <![CDATA[  -> Clicking Bottom Nav Tab: Explore]]>
            </line>
            <line>
              <![CDATA[  -> Navigated to 'Explore' tab successfully.]]>
            </line>
            <line>
              <![CDATA[  -> ✅ Master Dashboard Top-to-Bottom Flow completed successfully.]]>
            </line>
          </reporter-output>
        </test-method> <!-- testDashboardCompleteFlow -->
        <test-method is-config="true" signature="getResult(org.testng.ITestResult)[pri:0, instance:RESEARCHMANTRA_AUTOMATION.AUTOMATION.Dashboard_Navigation_Tests@15de0b3c]" started-at="2026-03-25T11:32:05 IST" name="getResult" finished-at="2026-03-25T11:32:06 IST" duration-ms="1329" status="PASS">
          <params>
            <param index="0">
              <value>
                <![CDATA[[TestResult name=testDashboardCompleteFlow status=SUCCESS method=Dashboard_Navigation_Tests.testDashboardCompleteFlow()[pri:2, instance:RESEARCHMANTRA_AUTOMATION.AUTOMATION.Dashboard_Navigation_Tests@15de0b3c] output=  -> Starting Comprehensive Dashboard Verification...]]]>
              </value>
            </param>
          </params>
          <reporter-output>
            <line>
              <![CDATA[  -> ✅ Test Case Passed: testDashboardCompleteFlow]]>
            </line>
            <line>
              <![CDATA[  -> ⏱️ SCREEN COMPLETED IN: 37.708 SECONDS.]]>
            </line>
          </reporter-output>
        </test-method> <!-- getResult -->
      </class> <!-- RESEARCHMANTRA_AUTOMATION.AUTOMATION.Dashboard_Navigation_Tests -->
      <class name="RESEARCHMANTRA_AUTOMATION.AUTOMATION.Login_Screen_Tests">
        <test-method is-config="true" signature="setupSuite()[pri:0, instance:RESEARCHMANTRA_AUTOMATION.AUTOMATION.Login_Screen_Tests@4116aac9]" started-at="2026-03-25T11:28:34 IST" name="setupSuite" finished-at="2026-03-25T11:28:49 IST" duration-ms="15784" status="PASS">
          <reporter-output>
            <line>
              <![CDATA[
⏳ APPIUM IS CLEANING DEVICE AND INSTALLING FRESH APK...]]>
            </line>
            <line>
              <![CDATA[✅ APPIUM SESSION ESTABLISHED - STABILITY MODE ENGAGED!]]>
            </line>
          </reporter-output>
        </test-method> <!-- setupSuite -->
        <test-method is-config="true" signature="beforeTestLog(java.lang.reflect.Method)[pri:0, instance:RESEARCHMANTRA_AUTOMATION.AUTOMATION.Login_Screen_Tests@4116aac9]" started-at="2026-03-25T11:28:49 IST" name="beforeTestLog" finished-at="2026-03-25T11:28:49 IST" duration-ms="2" status="PASS">
          <params>
            <param index="0">
              <value>
                <![CDATA[public void RESEARCHMANTRA_AUTOMATION.AUTOMATION.Login_Screen_Tests.testLoginScreenFlow() throws java.lang.Exception]]>
              </value>
            </param>
          </params>
          <reporter-output>
            <line>
              <![CDATA[
========================================================]]>
            </line>
            <line>
              <![CDATA[🚀 STARTING TEST: testLoginScreenFlow]]>
            </line>
            <line>
              <![CDATA[========================================================]]>
            </line>
          </reporter-output>
        </test-method> <!-- beforeTestLog -->
        <test-method signature="testLoginScreenFlow()[pri:1, instance:RESEARCHMANTRA_AUTOMATION.AUTOMATION.Login_Screen_Tests@4116aac9]" started-at="2026-03-25T11:28:49 IST" name="testLoginScreenFlow" description="Comprehensive E2E Login Validation (Positive &amp; Negative Scenarios)" finished-at="2026-03-25T11:31:26 IST" duration-ms="156608" status="PASS">
          <reporter-output>
            <line>
              <![CDATA[  -> Starting Comprehensive Login Suite for: 7661936911]]>
            </line>
            <line>
              <![CDATA[  -> No permission popup detected.]]>
            </line>
            <line>
              <![CDATA[  -> Executing Negative Test: Empty Mobile Number]]>
            </line>
            <line>
              <![CDATA[  -> Verified Toast Message: Please enter valid mobile number]]>
            </line>
            <line>
              <![CDATA[  -> Executing Negative Test: Invalid Mobile Number (12345)]]>
            </line>
            <line>
              <![CDATA[  -> Verified Toast Message: Please enter valid mobile number]]>
            </line>
            <line>
              <![CDATA[  -> Executing Positive Test: Valid Mobile Number]]>
            </line>
            <line>
              <![CDATA[  -> Waiting for transition to OTP screen...]]>
            </line>
            <line>
              <![CDATA[  -> Successfully arrived at OTP Verification Screen.]]>
            </line>
            <line>
              <![CDATA[  -> Validating OTP Screen UI Elements...]]>
            </line>
            <line>
              <![CDATA[  -> Change Number and Resend Code buttons are visible.]]>
            </line>
            <line>
              <![CDATA[  -> Executing Negative Test: Invalid OTP]]>
            </line>
            <line>
              <![CDATA[  -> Intercepting valid OTP via API...]]>
            </line>
            <line>
              <![CDATA[  -> Retrieved OTP: 787078]]>
            </line>
            <line>
              <![CDATA[  -> Entering Valid OTP...]]>
            </line>
            <line>
              <![CDATA[  -> Detecting landing screen...]]>
            </line>
            <line>
              <![CDATA[  -> New User detected. Executing Registration Flow...]]>
            </line>
            <line>
              <![CDATA[  -> Entering Data: vamshi krishna | vamshikrishna11@test.com | Delhi]]>
            </line>
            <line>
              <![CDATA[  -> Scrolling to reveal Registration options...]]>
            </line>
            <line>
              <![CDATA[  -> Testing Gender Radio Buttons...]]>
            </line>
            <line>
              <![CDATA[  -> Successfully toggled Gender selection to Female.]]>
            </line>
            <line>
              <![CDATA[  -> Submitting Registration Form...]]>
            </line>
            <line>
              <![CDATA[  -> ✅ Login Flow Complete! Logged in as: vamshi krishna]]>
            </line>
          </reporter-output>
        </test-method> <!-- testLoginScreenFlow -->
        <test-method is-config="true" signature="getResult(org.testng.ITestResult)[pri:0, instance:RESEARCHMANTRA_AUTOMATION.AUTOMATION.Login_Screen_Tests@4116aac9]" started-at="2026-03-25T11:31:26 IST" name="getResult" finished-at="2026-03-25T11:31:27 IST" duration-ms="1365" status="PASS">
          <params>
            <param index="0">
              <value>
                <![CDATA[[TestResult name=testLoginScreenFlow status=SUCCESS method=Login_Screen_Tests.testLoginScreenFlow()[pri:1, instance:RESEARCHMANTRA_AUTOMATION.AUTOMATION.Login_Screen_Tests@4116aac9] output=  -> Starting Comprehensive Login Suite for: 7661936911]]]>
              </value>
            </param>
          </params>
          <reporter-output>
            <line>
              <![CDATA[  -> ✅ Test Case Passed: testLoginScreenFlow]]>
            </line>
            <line>
              <![CDATA[  -> ⏱️ SCREEN COMPLETED IN: 156.611 SECONDS.]]>
            </line>
          </reporter-output>
        </test-method> <!-- getResult -->
        <test-method is-config="true" signature="tearDownSuite()[pri:0, instance:RESEARCHMANTRA_AUTOMATION.AUTOMATION.Login_Screen_Tests@4116aac9]" started-at="2026-03-25T11:39:37 IST" name="tearDownSuite" finished-at="2026-03-25T11:39:40 IST" duration-ms="3329" status="PASS">
          <reporter-output>
          </reporter-output>
        </test-method> <!-- tearDownSuite -->
      </class> <!-- RESEARCHMANTRA_AUTOMATION.AUTOMATION.Login_Screen_Tests -->
      <class name="RESEARCHMANTRA_AUTOMATION.AUTOMATION.All_Products_Payment_Flow_Tests">
        <test-method signature="testAllProductsPaymentGatewayFlow()[pri:7, instance:RESEARCHMANTRA_AUTOMATION.AUTOMATION.All_Products_Payment_Flow_Tests@489115ef]" started-at="2026-03-25T11:32:06 IST" name="testAllProductsPaymentGatewayFlow" description="Business Logic Flow: Discovery, Overview/Performance Tabs, Gateway, and Ledger" finished-at="2026-03-25T11:36:03 IST" duration-ms="236569" status="PASS">
          <reporter-output>
            <line>
              <![CDATA[  -> Step 1: Navigating to Trades -> Home Tab.]]>
            </line>
            <line>
              <![CDATA[  -> Step 2: Processing Product Cards sequentially...]]>
            </line>
            <line>
              <![CDATA[  -> ===============================================]]>
            </line>
            <line>
              <![CDATA[  -> 🧪 TESTING BUSINESS FLOW FOR: MCX Positional]]>
            </line>
            <line>
              <![CDATA[  -> Testing Heart/Like Toggle...]]>
            </line>
            <line>
              <![CDATA[  -> Heart icon not found for this card.]]>
            </line>
            <line>
              <![CDATA[  -> Clicking Product Card to open details...]]>
            </line>
            <line>
              <![CDATA[  -> Could not route into card. Skipping to next.]]>
            </line>
            <line>
              <![CDATA[  -> ===============================================]]>
            </line>
            <line>
              <![CDATA[  -> 🧪 TESTING BUSINESS FLOW FOR: Nifty Positional]]>
            </line>
            <line>
              <![CDATA[  -> Testing Heart/Like Toggle...]]>
            </line>
            <line>
              <![CDATA[  -> Heart icon not found for this card.]]>
            </line>
            <line>
              <![CDATA[  -> Clicking Product Card to open details...]]>
            </line>
            <line>
              <![CDATA[  -> Could not route into card. Skipping to next.]]>
            </line>
            <line>
              <![CDATA[  -> ===============================================]]>
            </line>
            <line>
              <![CDATA[  -> 🧪 TESTING BUSINESS FLOW FOR: Midcap Positional]]>
            </line>
            <line>
              <![CDATA[  -> Testing Heart/Like Toggle...]]>
            </line>
            <line>
              <![CDATA[  -> Heart icon not found for this card.]]>
            </line>
            <line>
              <![CDATA[  -> Clicking Product Card to open details...]]>
            </line>
            <line>
              <![CDATA[  -> Could not route into card. Skipping to next.]]>
            </line>
            <line>
              <![CDATA[  -> ===============================================]]>
            </line>
            <line>
              <![CDATA[  -> 🧪 TESTING BUSINESS FLOW FOR: Long term Goal Oriented]]>
            </line>
            <line>
              <![CDATA[  -> Testing Heart/Like Toggle...]]>
            </line>
            <line>
              <![CDATA[  -> Heart icon not found for this card.]]>
            </line>
            <line>
              <![CDATA[  -> Clicking Product Card to open details...]]>
            </line>
            <line>
              <![CDATA[  -> Could not route into card. Skipping to next.]]>
            </line>
            <line>
              <![CDATA[  -> ===============================================]]>
            </line>
            <line>
              <![CDATA[  -> Step 3: Verifying Ledger in 'My Collection']]>
            </line>
            <line>
              <![CDATA[  -> No new products purchased. Skipping Collection verification.]]>
            </line>
          </reporter-output>
        </test-method> <!-- testAllProductsPaymentGatewayFlow -->
        <test-method is-config="true" signature="beforeTestLog(java.lang.reflect.Method)[pri:0, instance:RESEARCHMANTRA_AUTOMATION.AUTOMATION.All_Products_Payment_Flow_Tests@489115ef]" started-at="2026-03-25T11:32:06 IST" name="beforeTestLog" finished-at="2026-03-25T11:32:06 IST" duration-ms="0" status="PASS">
          <params>
            <param index="0">
              <value>
                <![CDATA[public void RESEARCHMANTRA_AUTOMATION.AUTOMATION.All_Products_Payment_Flow_Tests.testAllProductsPaymentGatewayFlow()]]>
              </value>
            </param>
          </params>
          <reporter-output>
            <line>
              <![CDATA[
========================================================]]>
            </line>
            <line>
              <![CDATA[🚀 STARTING TEST: testAllProductsPaymentGatewayFlow]]>
            </line>
            <line>
              <![CDATA[========================================================]]>
            </line>
          </reporter-output>
        </test-method> <!-- beforeTestLog -->
        <test-method is-config="true" signature="getResult(org.testng.ITestResult)[pri:0, instance:RESEARCHMANTRA_AUTOMATION.AUTOMATION.All_Products_Payment_Flow_Tests@489115ef]" started-at="2026-03-25T11:36:03 IST" name="getResult" finished-at="2026-03-25T11:36:04 IST" duration-ms="585" status="PASS">
          <params>
            <param index="0">
              <value>
                <![CDATA[[TestResult name=testAllProductsPaymentGatewayFlow status=SUCCESS method=All_Products_Payment_Flow_Tests.testAllProductsPaymentGatewayFlow()[pri:7, instance:RESEARCHMANTRA_AUTOMATION.AUTOMATION.All_Products_Payment_Flow_Tests@489115ef] output=  -> Step 1: Navigating to Trades -> Home Tab.]]]>
              </value>
            </param>
          </params>
          <reporter-output>
            <line>
              <![CDATA[  -> ✅ Test Case Passed: testAllProductsPaymentGatewayFlow]]>
            </line>
            <line>
              <![CDATA[  -> ⏱️ SCREEN COMPLETED IN: 236.57 SECONDS.]]>
            </line>
          </reporter-output>
        </test-method> <!-- getResult -->
      </class> <!-- RESEARCHMANTRA_AUTOMATION.AUTOMATION.All_Products_Payment_Flow_Tests -->
    </test> <!-- End-to-End Regression Test (New User Flow) -->
  </suite> <!-- ResearchMantra Automation Suite -->
</testng-results>
