<?xml version="1.0" encoding="UTF-8"?>
<!-- Generated by org.testng.reporters.JUnitReportReporter -->
<testsuite hostname="DESKTOP-L3SV42K" failures="1" tests="2" name="RESEARCHMANTRA_AUTOMATION.AUTOMATION.Product_Details_And_Live_Trades_Tests" time="157.069" errors="0" timestamp="2026-03-20T13:11:46 IST" skipped="0">
  <testcase classname="RESEARCHMANTRA_AUTOMATION.AUTOMATION.Product_Details_And_Live_Trades_Tests" name="testProductOverviewAndPerformance" time="94.752">
    <failure message="Expected condition failed: waiting for element to be clickable: By.xpath: //*[contains(@content-desc, &#039;MCX&#039;)] (tried for 5 second(s) with 500 milliseconds interval)
Build info: version: &#039;4.22.0&#039;, revision: &#039;c5f3146703*&#039;
System info: os.name: &#039;Windows 10&#039;, os.arch: &#039;amd64&#039;, os.version: &#039;10.0&#039;, java.version: &#039;24.0.1&#039;
Driver info: io.appium.java_client.android.AndroidDriver
Capabilities {appium:app: C:\Users\KIng Research\Desk..., appium:appActivity: com.research_mantra_officia..., appium:appPackage: com.research_mantra_official, appium:appWaitActivity: *, appium:autoGrantPermissions: true, appium:automationName: UIAutomator2, appium:databaseEnabled: false, appium:desired: {app: C:\Users\KIng Research\Desk..., appActivity: com.research_mantra_officia..., appPackage: com.research_mantra_official, appWaitActivity: *, autoGrantPermissions: true, automationName: UIAutomator2, deviceName: 0123456789ABCDEF, disableWindowAnimation: true, fullReset: true, newCommandTimeout: 3600, platformName: ANDROID, skipServerInstallation: true}, appium:deviceApiLevel: 34, appium:deviceManufacturer: vivo, appium:deviceModel: V2168, appium:deviceName: 10BCBA0YTC000MD, appium:deviceScreenDensity: 440, appium:deviceScreenSize: 1080x2400, appium:deviceUDID: 10BCBA0YTC000MD, appium:disableWindowAnimation: true, appium:fullReset: true, appium:javascriptEnabled: true, appium:locationContextEnabled: false, appium:networkConnectionEnabled: true, appium:newCommandTimeout: 3600, appium:pixelRatio: 2.75, appium:platformVersion: 14, appium:skipServerInstallation: true, appium:statBarHeight: 88, appium:takesScreenshot: true, appium:viewportRect: {height: 2120, left: 0, top: 88, width: 1080}, appium:warnings: {}, appium:webStorageEnabled: false, platformName: ANDROID}
Session ID: ec62d8a3-649b-4a1e-9e31-3f309c374f27" type="java.lang.AssertionError">
      <![CDATA[java.lang.AssertionError: Expected condition failed: waiting for element to be clickable: By.xpath: //*[contains(@content-desc, 'MCX')] (tried for 5 second(s) with 500 milliseconds interval)
Build info: version: '4.22.0', revision: 'c5f3146703*'
System info: os.name: 'Windows 10', os.arch: 'amd64', os.version: '10.0', java.version: '24.0.1'
Driver info: io.appium.java_client.android.AndroidDriver
Capabilities {appium:app: C:\Users\KIng Research\Desk..., appium:appActivity: com.research_mantra_officia..., appium:appPackage: com.research_mantra_official, appium:appWaitActivity: *, appium:autoGrantPermissions: true, appium:automationName: UIAutomator2, appium:databaseEnabled: false, appium:desired: {app: C:\Users\KIng Research\Desk..., appActivity: com.research_mantra_officia..., appPackage: com.research_mantra_official, appWaitActivity: *, autoGrantPermissions: true, automationName: UIAutomator2, deviceName: 0123456789ABCDEF, disableWindowAnimation: true, fullReset: true, newCommandTimeout: 3600, platformName: ANDROID, skipServerInstallation: true}, appium:deviceApiLevel: 34, appium:deviceManufacturer: vivo, appium:deviceModel: V2168, appium:deviceName: 10BCBA0YTC000MD, appium:deviceScreenDensity: 440, appium:deviceScreenSize: 1080x2400, appium:deviceUDID: 10BCBA0YTC000MD, appium:disableWindowAnimation: true, appium:fullReset: true, appium:javascriptEnabled: true, appium:locationContextEnabled: false, appium:networkConnectionEnabled: true, appium:newCommandTimeout: 3600, appium:pixelRatio: 2.75, appium:platformVersion: 14, appium:skipServerInstallation: true, appium:statBarHeight: 88, appium:takesScreenshot: true, appium:viewportRect: {height: 2120, left: 0, top: 88, width: 1080}, appium:warnings: {}, appium:webStorageEnabled: false, platformName: ANDROID}
Session ID: ec62d8a3-649b-4a1e-9e31-3f309c374f27
at org.testng.Assert.fail(Assert.java:111)
at RESEARCHMANTRA_AUTOMATION.AUTOMATION.Product_Details_And_Live_Trades_Tests.testProductOverviewAndPerformance(Product_Details_And_Live_Trades_Tests.java:62)
at java.base/jdk.internal.reflect.DirectMethodHandleAccessor.invoke(DirectMethodHandleAccessor.java:104)
at java.base/java.lang.reflect.Method.invoke(Method.java:565)
at org.testng.internal.invokers.MethodInvocationHelper.invokeMethod(MethodInvocationHelper.java:141)
at org.testng.internal.invokers.TestInvoker.invokeMethod(TestInvoker.java:687)
at org.testng.internal.invokers.TestInvoker.invokeTestMethod(TestInvoker.java:230)
at org.testng.internal.invokers.MethodRunner.runInSequence(MethodRunner.java:63)
at org.testng.internal.invokers.TestInvoker$MethodInvocationAgent.invoke(TestInvoker.java:995)
at org.testng.internal.invokers.TestInvoker.invokeTestMethods(TestInvoker.java:203)
at org.testng.internal.invokers.TestMethodWorker.invokeTestMethods(TestMethodWorker.java:154)
at org.testng.internal.invokers.TestMethodWorker.run(TestMethodWorker.java:134)
at java.base/java.util.ArrayList.forEach(ArrayList.java:1604)
at org.testng.TestRunner.privateRun(TestRunner.java:741)
at org.testng.TestRunner.run(TestRunner.java:616)
at org.testng.SuiteRunner.runTest(SuiteRunner.java:421)
at org.testng.SuiteRunner.runSequentially(SuiteRunner.java:413)
at org.testng.SuiteRunner.privateRun(SuiteRunner.java:373)
at org.testng.SuiteRunner.run(SuiteRunner.java:312)
at org.testng.SuiteRunnerWorker.runSuite(SuiteRunnerWorker.java:52)
at org.testng.SuiteRunnerWorker.run(SuiteRunnerWorker.java:95)
at org.testng.TestNG.runSuitesSequentially(TestNG.java:1274)
at org.testng.TestNG.runSuitesLocally(TestNG.java:1208)
at org.testng.TestNG.runSuites(TestNG.java:1112)
at org.testng.TestNG.run(TestNG.java:1079)
at org.testng.remote.AbstractRemoteTestNG.run(AbstractRemoteTestNG.java:115)
at org.testng.remote.RemoteTestNG.initAndRun(RemoteTestNG.java:293)
at org.testng.remote.RemoteTestNG.main(RemoteTestNG.java:91)
]]>
    </failure>
    <system-out>
      <![CDATA[  -> Navigating to Trades Screen.
  -> Opening MCX Positional Details.
  -> Product Details Test Failed: Expected condition failed: waiting for element to be clickable: By.xpath: //*[contains(@content-desc, 'MCX')] (tried for 5 second(s) with 500 milliseconds interval)
Build info: version: '4.22.0', revision: 'c5f3146703*'
System info: os.name: 'Windows 10', os.arch: 'amd64', os.version: '10.0', java.version: '24.0.1'
Driver info: io.appium.java_client.android.AndroidDriver
Capabilities {appium:app: C:\Users\KIng Research\Desk..., appium:appActivity: com.research_mantra_officia..., appium:appPackage: com.research_mantra_official, appium:appWaitActivity: *, appium:autoGrantPermissions: true, appium:automationName: UIAutomator2, appium:databaseEnabled: false, appium:desired: {app: C:\Users\KIng Research\Desk..., appActivity: com.research_mantra_officia..., appPackage: com.research_mantra_official, appWaitActivity: *, autoGrantPermissions: true, automationName: UIAutomator2, deviceName: 0123456789ABCDEF, disableWindowAnimation: true, fullReset: true, newCommandTimeout: 3600, platformName: ANDROID, skipServerInstallation: true}, appium:deviceApiLevel: 34, appium:deviceManufacturer: vivo, appium:deviceModel: V2168, appium:deviceName: 10BCBA0YTC000MD, appium:deviceScreenDensity: 440, appium:deviceScreenSize: 1080x2400, appium:deviceUDID: 10BCBA0YTC000MD, appium:disableWindowAnimation: true, appium:fullReset: true, appium:javascriptEnabled: true, appium:locationContextEnabled: false, appium:networkConnectionEnabled: true, appium:newCommandTimeout: 3600, appium:pixelRatio: 2.75, appium:platformVersion: 14, appium:skipServerInstallation: true, appium:statBarHeight: 88, appium:takesScreenshot: true, appium:viewportRect: {height: 2120, left: 0, top: 88, width: 1080}, appium:warnings: {}, appium:webStorageEnabled: false, platformName: ANDROID}
Session ID: ec62d8a3-649b-4a1e-9e31-3f309c374f27]]>
    </system-out>
  </testcase> <!-- testProductOverviewAndPerformance -->
  <testcase classname="RESEARCHMANTRA_AUTOMATION.AUTOMATION.Product_Details_And_Live_Trades_Tests" name="testLiveTradesAndFilters" time="62.317">
    <system-out>
      <![CDATA[  -> Navigated to Live Trades Tab.
  -> Validating Active Trade Card Structure.
  -> Live Trade screen structure verified instantly.]]>
    </system-out>
  </testcase> <!-- testLiveTradesAndFilters -->
  <system-out>
    <![CDATA[
⏳ APPIUM IS CLEANING DEVICE AND INSTALLING FRESH APK...
✅ APPIUM SESSION ESTABLISHED - STABILITY MODE ENGAGED!

========================================================
🚀 STARTING TEST: testLoginScreenFlow
========================================================
  -> Starting Comprehensive Login Suite for: 7632166125
  -> No permission popup detected.
  -> Executing Negative Test: Empty Mobile Number
  -> Verified Toast Message: Please enter valid mobile number
  -> Executing Negative Test: Invalid Mobile Number (12345)
  -> Verified Toast Message: Please enter valid mobile number
  -> Executing Positive Test: Valid Mobile Number
  -> Waiting for transition to OTP screen...
  -> Successfully arrived at OTP Verification Screen.
  -> Validating OTP Screen UI Elements...
  -> Change Number and Resend Code buttons are visible.
  -> Executing Negative Test: Invalid OTP
  -> Intercepting valid OTP via API...
  -> Retrieved OTP: 768652
  -> Entering Valid OTP...
  -> Waiting 4 seconds for Dashboard/Registration routing...
  -> Checking routing destination...
  -> Existing User detected.
  -> ✅ Login Flow Complete! Logged in as: Krishna
  -> ✅ Already on Home Dashboard.
  -> ✅ Test Case Passed: testLoginScreenFlow
  -> ⏱️ SCREEN COMPLETED IN: 148.884 SECONDS.
  -> ✅ Already on Home Dashboard.

========================================================
🚀 STARTING TEST: testHeaderAndNotifications
========================================================
  -> Starting Header & Notifications Verification...
  -> Step 1: Checking User Profile Name in Header.
  -> Profile Name verified in header: Krishna
  -> Step 2: Checking Notification Bell.
  -> Clicked Notification Bell successfully.
  -> Returned to Dashboard from Notifications.
  -> ✅ Already on Home Dashboard.
  -> ✅ Test Case Passed: testHeaderAndNotifications
  -> ⏱️ SCREEN COMPLETED IN: 17.84 SECONDS.
  -> ✅ Already on Home Dashboard.

========================================================
🚀 STARTING TEST: testPerformanceAnalyticsSection
========================================================
  -> Starting Performance Analytics Verification...
  -> Step 1: Scrolling to Performance Section.
  -> Performance Header and SEBI Disclosure verified.
  -> Step 2: Testing Analytics Filter Chips.
  -> Locating Analytics Chip: Nifty Positional
  -> Clicked Analytics Chip: Nifty Positional
  -> Performance data verified for Nifty Positional
  -> Locating Analytics Chip: Midcap Positional
  -> Clicked Analytics Chip: Midcap Positional
  -> Performance data verified for Midcap Positional
  -> Locating Analytics Chip: MCX Positional
  -> Clicked Analytics Chip: MCX Positional
  -> Performance data verified for MCX Positional
  -> Locating Analytics Chip: Long term Goal
  -> Clicked Analytics Chip: Long term Goal
  -> Performance data verified for Long term Goal
  -> Performance Analytics section behaves correctly.
  -> ✅ Already on Home Dashboard.
  -> ✅ Test Case Passed: testPerformanceAnalyticsSection
  -> ⏱️ SCREEN COMPLETED IN: 27.471 SECONDS.
  -> ✅ Already on Home Dashboard.

========================================================
🚀 STARTING TEST: testDashboardElementsAndNav
========================================================
  -> Starting General Content & Navigation Verification...
  -> Step 1: Checking Core Trade Category Cards.
  -> Visible: MCX Positional
  -> Visible: Long term Goal Oriented
  -> Visible: Nifty Positional
  -> Visible: Midcap Positional
  -> Step 2: Checking Explore Promotional Banners.
  -> Promotional Banners scrolled into view and verified.
  -> Step 3: Testing Bottom Navigation Functional Clicks.
  -> Navigated to 'Trades' tab successfully.
  -> Navigated to 'Blogs' tab successfully.
  -> Navigated to 'Tools' tab successfully.
  -> Navigated to 'Profile' tab successfully.
  -> Navigated to 'Explore' tab successfully.
  -> Dashboard Content & Navigation test completed successfully.
  -> ✅ Already on Home Dashboard.
  -> ✅ Test Case Passed: testDashboardElementsAndNav
  -> ⏱️ SCREEN COMPLETED IN: 31.631 SECONDS.
  -> ✅ Already on Home Dashboard.

========================================================
🚀 STARTING TEST: testDynamicTradesScreenFlow
========================================================
  -> Starting Dynamic Trades Screen Verification.
  -> Navigating to Trades Bottom Tab.
  -> Step 1: Extracting dynamic product list from the app...
  -> Dynamically found 3 products: [MCX Positional, Nifty Positional, Midcap Positional]
  -> ===============================================
  -> 🧪 TESTING PRODUCT: MCX Positional
  -> -> Checking Home Tab for: MCX Positional
  -> Found Home Service Card for: MCX Positional
  -> -> Checking Live Trades Tab for: MCX Positional
  ->    -> Verifying 'Details' Sub-Tab.
  -> Live Trades state rendered successfully.
  ->    -> Verifying 'Live Commentary' Sub-Tab.
  -> Live Commentary feed rendered successfully.
  -> -> Checking Closed Trades Tab for: MCX Positional
  -> Closed Trades state rendered successfully.
  -> ✅ Full verification complete for: MCX Positional
  -> ===============================================
  -> 🧪 TESTING PRODUCT: Nifty Positional
  -> -> Checking Home Tab for: Nifty Positional
  -> Found Home Service Card for: Nifty Positional
  -> -> Checking Live Trades Tab for: Nifty Positional
  ->    -> Verifying 'Details' Sub-Tab.
  -> Live Trades state rendered successfully.
  ->    -> Verifying 'Live Commentary' Sub-Tab.
  -> Live Commentary feed rendered successfully.
  -> -> Checking Closed Trades Tab for: Nifty Positional
  -> Closed Trades state rendered successfully.
  -> ✅ Full verification complete for: Nifty Positional
  -> ===============================================
  -> 🧪 TESTING PRODUCT: Midcap Positional
  -> -> Checking Home Tab for: Midcap Positional
  -> Found Home Service Card for: Midcap Positional
  -> -> Checking Live Trades Tab for: Midcap Positional
  ->    -> Verifying 'Details' Sub-Tab.
  -> Live Trades state rendered successfully.
  ->    -> Verifying 'Live Commentary' Sub-Tab.
  -> Live Commentary feed rendered successfully.
  -> -> Checking Closed Trades Tab for: Midcap Positional
  -> Closed Trades state rendered successfully.
  -> ✅ Full verification complete for: Midcap Positional
  -> Dynamic Trades Screen Verification completed lightning fast.
  -> ✅ Test Case Passed: testDynamicTradesScreenFlow
  -> ⏱️ SCREEN COMPLETED IN: 200.657 SECONDS.
  -> ✅ Already on Home Dashboard.

========================================================
🚀 STARTING TEST: testProductOverviewAndPerformance
========================================================
  -> Navigating to Trades Screen.
  -> Opening MCX Positional Details.
  -> Product Details Test Failed: Expected condition failed: waiting for element to be clickable: By.xpath: //*[contains(@content-desc, 'MCX')] (tried for 5 second(s) with 500 milliseconds interval)
Build info: version: '4.22.0', revision: 'c5f3146703*'
System info: os.name: 'Windows 10', os.arch: 'amd64', os.version: '10.0', java.version: '24.0.1'
Driver info: io.appium.java_client.android.AndroidDriver
Capabilities {appium:app: C:\Users\KIng Research\Desk..., appium:appActivity: com.research_mantra_officia..., appium:appPackage: com.research_mantra_official, appium:appWaitActivity: *, appium:autoGrantPermissions: true, appium:automationName: UIAutomator2, appium:databaseEnabled: false, appium:desired: {app: C:\Users\KIng Research\Desk..., appActivity: com.research_mantra_officia..., appPackage: com.research_mantra_official, appWaitActivity: *, autoGrantPermissions: true, automationName: UIAutomator2, deviceName: 0123456789ABCDEF, disableWindowAnimation: true, fullReset: true, newCommandTimeout: 3600, platformName: ANDROID, skipServerInstallation: true}, appium:deviceApiLevel: 34, appium:deviceManufacturer: vivo, appium:deviceModel: V2168, appium:deviceName: 10BCBA0YTC000MD, appium:deviceScreenDensity: 440, appium:deviceScreenSize: 1080x2400, appium:deviceUDID: 10BCBA0YTC000MD, appium:disableWindowAnimation: true, appium:fullReset: true, appium:javascriptEnabled: true, appium:locationContextEnabled: false, appium:networkConnectionEnabled: true, appium:newCommandTimeout: 3600, appium:pixelRatio: 2.75, appium:platformVersion: 14, appium:skipServerInstallation: true, appium:statBarHeight: 88, appium:takesScreenshot: true, appium:viewportRect: {height: 2120, left: 0, top: 88, width: 1080}, appium:warnings: {}, appium:webStorageEnabled: false, platformName: ANDROID}
Session ID: ec62d8a3-649b-4a1e-9e31-3f309c374f27
  -> ❌ Test Case Failed: testProductOverviewAndPerformance
  -> ⏱️ SCREEN COMPLETED IN: 78.084 SECONDS.
  -> ✅ Already on Home Dashboard.

========================================================
🚀 STARTING TEST: testLiveTradesAndFilters
========================================================
  -> Navigated to Live Trades Tab.
  -> Validating Active Trade Card Structure.
  -> Live Trade screen structure verified instantly.
  -> ✅ Test Case Passed: testLiveTradesAndFilters
  -> ⏱️ SCREEN COMPLETED IN: 46.875 SECONDS.
  -> ✅ Already on Home Dashboard.

========================================================
🚀 STARTING TEST: testAllProductsPaymentGatewayFlow
========================================================
  -> Step 1: Navigating to Trades -> Home Tab.
  -> ===============================================
  -> 🧪 TESTING FUNNEL FOR: MCX Positional
  -> Opening Product Details.
  -> Payment Flow Test Failed: Expected condition failed: waiting for presence of element located by: By.xpath: //*[contains(@content-desc, 'Overview') or contains(@text, 'Overview')] (tried for 12 second(s) with 500 milliseconds interval)
  -> ❌ Test Case Failed: testAllProductsPaymentGatewayFlow
  -> ⏱️ SCREEN COMPLETED IN: 76.582 SECONDS.
  -> ✅ Already on Home Dashboard.

========================================================
🚀 STARTING TEST: testLiveSignalRoutingAndNotifications
========================================================
  -> Verifying Signal Distribution Logic.
  -> Opening the first available product to check for Live Commentary...
  -> Push Notification Test Failed: Expected condition failed: waiting for presence of element located by: By.xpath: //android.view.View[contains(@content-desc, 'Overview')] (tried for 15 second(s) with 500 milliseconds interval)
  -> ❌ Test Case Failed: testLiveSignalRoutingAndNotifications
  -> ⏱️ SCREEN COMPLETED IN: 78.121 SECONDS.
  -> ✅ Already on Home Dashboard.

========================================================
🚀 STARTING TEST: testBlogsScreenFlow
========================================================
  -> Starting Blogs Screen Verification.
  -> Navigating to Blogs Tab.
  -> Step 1: Verifying Blog Card Content.
  -> First Blog Card Content loaded instantly.
  -> Step 2: Testing Like Toggle.
  -> Toggled 'Like' on the first blog post.
  -> Step 3: Verifying Create Post (+) Business Logic.
  -> ✅ BUSINESS LOGIC VERIFIED: User has no active product/trial. 'Create Post' (+) button is correctly HIDDEN.
  -> Blogs Screen & Business Logic verification completed perfectly.
  -> ✅ Test Case Passed: testBlogsScreenFlow
  -> ⏱️ SCREEN COMPLETED IN: 62.042 SECONDS.
  -> ✅ Already on Home Dashboard.

========================================================
🚀 STARTING TEST: testToolsScreenFlow
========================================================
  -> Starting Tools Screen Verification.
  -> Navigating to Tools Tab.
  -> Successfully opened Tools Screen instantly.
  -> Step 2: High-Speed Navigation Test for 10 Financial Tools.
  -> Opened: Retirement Plans
  -> Successfully verified navigation for: Retirement Plans
  -> Opened: SIP Calculator
  -> Successfully verified navigation for: SIP Calculator
  -> Opened: Risk Reward Calculator
  -> Successfully verified navigation for: Risk Reward Calculator
  -> Opened: Car Loan Full payment
  -> Successfully verified navigation for: Car Loan Full payment
  -> Opened: GST Savings calculator
  -> Successfully verified navigation for: GST Savings calculator
  -> Opened: Home Loan Repayment
  -> Successfully verified navigation for: Home Loan Repayment
  -> Opened: Sukanya samriddhi Yojana
  -> Successfully verified navigation for: Sukanya samriddhi Yojana
  -> Opened: Lumpsum Calculator
  -> Successfully verified navigation for: Lumpsum Calculator
  -> Opened: CAGR Calculator
  -> Successfully verified navigation for: CAGR Calculator
  -> Failed to interact with Salary Budget Calculator. Error: Expected condition failed: waiting for presence of element located by: AppiumBy.className: android.widget.EditText (tried for 10 second(s) with 500 milliseconds interval)
  -> Tools & Calculators navigation stress test completed lightning fast.
  -> ✅ Already on Home Dashboard.
  -> ✅ Test Case Passed: testToolsScreenFlow
  -> ⏱️ SCREEN COMPLETED IN: 52.365 SECONDS.
  -> ✅ Already on Home Dashboard.

========================================================
🚀 STARTING TEST: testProfileAndSettingsFlow
========================================================
  -> Starting Profile & Settings Verification.
  -> Step 1: Navigating to Profile Tab.
  -> Profile Main Landing UI loaded.
  -> Step 2: Testing Personal Details Update logic.
  -> Profile & Settings Flow Failed: Expected condition failed: waiting for presence of element located by: AppiumBy.accessibilityId: Update (tried for 15 second(s) with 500 milliseconds interval)
  -> ❌ Test Case Failed: testProfileAndSettingsFlow
  -> ⏱️ SCREEN COMPLETED IN: 60.841 SECONDS.
  -> ✅ Already on Home Dashboard.]]>
  </system-out>
</testsuite> <!-- RESEARCHMANTRA_AUTOMATION.AUTOMATION.Product_Details_And_Live_Trades_Tests -->
