<?xml version="1.0" encoding="UTF-8"?>
<!-- Generated by org.testng.reporters.JUnitReportReporter -->
<testsuite hostname="DESKTOP-L3SV42K" failures="1" tests="1" name="RESEARCHMANTRA_AUTOMATION.AUTOMATION.Tools_Screen_Tests" time="17.177" errors="0" timestamp="2026-03-25T11:39:40 IST" skipped="0">
  <testcase classname="RESEARCHMANTRA_AUTOMATION.AUTOMATION.Tools_Screen_Tests" name="testToolsScreenFlow" time="17.177">
    <failure message="Tools Screen Flow Failure: Expected condition failed: waiting for presence of element located by: By.xpath: //*[contains(@content-desc, &#039;Retirement Plans&#039;)] (tried for 12 second(s) with 100 milliseconds interval)" type="java.lang.AssertionError">
      <![CDATA[java.lang.AssertionError: Tools Screen Flow Failure: Expected condition failed: waiting for presence of element located by: By.xpath: //*[contains(@content-desc, 'Retirement Plans')] (tried for 12 second(s) with 100 milliseconds interval)
at org.testng.Assert.fail(Assert.java:111)
at RESEARCHMANTRA_AUTOMATION.AUTOMATION.Tools_Screen_Tests.testToolsScreenFlow(Tools_Screen_Tests.java:93)
at java.base/jdk.internal.reflect.DirectMethodHandleAccessor.invoke(DirectMethodHandleAccessor.java:104)
at java.base/java.lang.reflect.Method.invoke(Method.java:565)
at org.testng.internal.invokers.MethodInvocationHelper.invokeMethod(MethodInvocationHelper.java:141)
at org.testng.internal.invokers.TestInvoker.invokeMethod(TestInvoker.java:687)
at org.testng.internal.invokers.TestInvoker.invokeTestMethod(TestInvoker.java:230)
at org.testng.internal.invokers.MethodRunner.runInSequence(MethodRunner.java:63)
at org.testng.internal.invokers.TestInvoker$MethodInvocationAgent.invoke(TestInvoker.java:995)
at org.testng.internal.invokers.TestInvoker.invokeTestMethods(TestInvoker.java:203)
at org.testng.internal.invokers.TestMethodWorker.invokeTestMethods(TestMethodWorker.java:154)
at org.testng.internal.invokers.TestMethodWorker.run(TestMethodWorker.java:134)
at java.base/java.util.ArrayList.forEach(ArrayList.java:1604)
at org.testng.TestRunner.privateRun(TestRunner.java:741)
at org.testng.TestRunner.run(TestRunner.java:616)
at org.testng.SuiteRunner.runTest(SuiteRunner.java:421)
at org.testng.SuiteRunner.runSequentially(SuiteRunner.java:413)
at org.testng.SuiteRunner.privateRun(SuiteRunner.java:373)
at org.testng.SuiteRunner.run(SuiteRunner.java:312)
at org.testng.SuiteRunnerWorker.runSuite(SuiteRunnerWorker.java:52)
at org.testng.SuiteRunnerWorker.run(SuiteRunnerWorker.java:95)
at org.testng.TestNG.runSuitesSequentially(TestNG.java:1274)
at org.testng.TestNG.runSuitesLocally(TestNG.java:1208)
at org.testng.TestNG.runSuites(TestNG.java:1112)
at org.testng.TestNG.run(TestNG.java:1079)
at org.testng.remote.AbstractRemoteTestNG.run(AbstractRemoteTestNG.java:115)
at org.testng.remote.RemoteTestNG.initAndRun(RemoteTestNG.java:293)
at org.testng.remote.RemoteTestNG.main(RemoteTestNG.java:91)
]]>
    </failure>
    <system-out>
      <![CDATA[  -> Starting Tools Screen Verification.
  -> Navigating to Tools Tab.
  -> Tools Screen Test Failed: Expected condition failed: waiting for presence of element located by: By.xpath: //*[contains(@content-desc, 'Retirement Plans')] (tried for 12 second(s) with 100 milliseconds interval)]]>
    </system-out>
  </testcase> <!-- testToolsScreenFlow -->
  <system-out>
    <![CDATA[
⏳ APPIUM IS CLEANING DEVICE AND INSTALLING FRESH APK...
✅ APPIUM SESSION ESTABLISHED - STABILITY MODE ENGAGED!

========================================================
🚀 STARTING TEST: testLoginScreenFlow
========================================================
  -> Starting Comprehensive Login Suite for: 7661936911
  -> No permission popup detected.
  -> Executing Negative Test: Empty Mobile Number
  -> Verified Toast Message: Please enter valid mobile number
  -> Executing Negative Test: Invalid Mobile Number (12345)
  -> Verified Toast Message: Please enter valid mobile number
  -> Executing Positive Test: Valid Mobile Number
  -> Waiting for transition to OTP screen...
  -> Successfully arrived at OTP Verification Screen.
  -> Validating OTP Screen UI Elements...
  -> Change Number and Resend Code buttons are visible.
  -> Executing Negative Test: Invalid OTP
  -> Intercepting valid OTP via API...
  -> Retrieved OTP: 787078
  -> Entering Valid OTP...
  -> Detecting landing screen...
  -> New User detected. Executing Registration Flow...
  -> Entering Data: vamshi krishna | vamshikrishna11@test.com | Delhi
  -> Scrolling to reveal Registration options...
  -> Testing Gender Radio Buttons...
  -> Successfully toggled Gender selection to Female.
  -> Submitting Registration Form...
  -> ✅ Login Flow Complete! Logged in as: vamshi krishna
  -> ✅ Test Case Passed: testLoginScreenFlow
  -> ⏱️ SCREEN COMPLETED IN: 156.611 SECONDS.

========================================================
🚀 STARTING TEST: testDashboardCompleteFlow
========================================================
  -> Starting Comprehensive Dashboard Verification...
  -> Step 1: Checking User Profile Name in Header.
  -> Profile Name verified in header: vamshi krishna
  -> Step 2: Checking Notification Bell & Tabs.
  -> Clicked Notification Bell successfully.
  -> Successfully interacted with all Notification tabs.
  -> Returned to Dashboard from Notifications.
  -> Step 3: Deep Clicking Core Trade Category Cards.
  -> Testing Routing for: MCX Positional
  -> ✅ Successfully routed to Product Screen for: MCX Positional
  -> Testing Routing for: Long term Goal Oriented
  -> ✅ Successfully routed to Product Screen for: Long term Goal Oriented
  -> Testing Routing for: Nifty Positional
  -> ✅ Successfully routed to Product Screen for: Nifty Positional
  -> Testing Routing for: Midcap Positional
  -> ✅ Successfully routed to Product Screen for: Midcap Positional
  -> Step 4: Deep Clicking Promotional Banners.
  -> Routing check for Research Reports timed out.
  -> Step 5: Testing Bottom Navigation Functional Clicks.
  -> Clicking Bottom Nav Tab: Trades
  -> Navigated to 'Trades' tab successfully.
  -> Clicking Bottom Nav Tab: Blogs
  -> Navigated to 'Blogs' tab successfully.
  -> Clicking Bottom Nav Tab: Tools
  -> Navigated to 'Tools' tab successfully.
  -> Clicking Bottom Nav Tab: Profile
  -> Navigated to 'Profile' tab successfully.
  -> Clicking Bottom Nav Tab: Explore
  -> Navigated to 'Explore' tab successfully.
  -> ✅ Master Dashboard Top-to-Bottom Flow completed successfully.
  -> ✅ Test Case Passed: testDashboardCompleteFlow
  -> ⏱️ SCREEN COMPLETED IN: 37.708 SECONDS.

========================================================
🚀 STARTING TEST: testAllProductsPaymentGatewayFlow
========================================================
  -> Step 1: Navigating to Trades -> Home Tab.
  -> Step 2: Processing Product Cards sequentially...
  -> ===============================================
  -> 🧪 TESTING BUSINESS FLOW FOR: MCX Positional
  -> Testing Heart/Like Toggle...
  -> Heart icon not found for this card.
  -> Clicking Product Card to open details...
  -> Could not route into card. Skipping to next.
  -> ===============================================
  -> 🧪 TESTING BUSINESS FLOW FOR: Nifty Positional
  -> Testing Heart/Like Toggle...
  -> Heart icon not found for this card.
  -> Clicking Product Card to open details...
  -> Could not route into card. Skipping to next.
  -> ===============================================
  -> 🧪 TESTING BUSINESS FLOW FOR: Midcap Positional
  -> Testing Heart/Like Toggle...
  -> Heart icon not found for this card.
  -> Clicking Product Card to open details...
  -> Could not route into card. Skipping to next.
  -> ===============================================
  -> 🧪 TESTING BUSINESS FLOW FOR: Long term Goal Oriented
  -> Testing Heart/Like Toggle...
  -> Heart icon not found for this card.
  -> Clicking Product Card to open details...
  -> Could not route into card. Skipping to next.
  -> ===============================================
  -> Step 3: Verifying Ledger in 'My Collection'
  -> No new products purchased. Skipping Collection verification.
  -> ✅ Test Case Passed: testAllProductsPaymentGatewayFlow
  -> ⏱️ SCREEN COMPLETED IN: 236.57 SECONDS.

========================================================
🚀 STARTING TEST: testDynamicTradesScreenFlow
========================================================
  -> Starting Dynamic Trades Screen Verification.
  -> Navigating to Trades Bottom Tab.
  -> Step 1: Extracting dynamic product list from the app...
  -> Dynamically found 3 products: [Nifty Positional, Midcap Positional, Long term Goal Oriented]
  -> ===============================================
  -> 🧪 TESTING PRODUCT: Nifty Positional
  -> -> Checking Home Tab for: Nifty Positional
  -> Found Home Service Card for: Nifty Positional
  -> -> Checking Live Trades Tab for: Nifty Positional
  ->    -> Verifying 'Details' Sub-Tab (Subscription Logic).
  -> 🔒 Product [Nifty Positional] is NOT PURCHASED. 'Activate Now' lock screen is correctly displayed.
  ->    -> Verifying 'Live Commentary' Sub-Tab (Free Access).
  -> ✅ Live Commentary feed loaded with free access data.
  -> -> Checking Closed Trades Tab for: Nifty Positional (Free Access)
  -> ✅ Closed Trades (Booked Trades) loaded with free access data.
  -> ✅ Full verification complete for: Nifty Positional
  -> ===============================================
  -> 🧪 TESTING PRODUCT: Midcap Positional
  -> -> Checking Home Tab for: Midcap Positional
  -> Found Home Service Card for: Midcap Positional
  -> -> Checking Live Trades Tab for: Midcap Positional
  ->    -> Verifying 'Details' Sub-Tab (Subscription Logic).
  -> 🔒 Product [Midcap Positional] is NOT PURCHASED. 'Activate Now' lock screen is correctly displayed.
  ->    -> Verifying 'Live Commentary' Sub-Tab (Free Access).
  -> ✅ Live Commentary feed loaded with free access data.
  -> -> Checking Closed Trades Tab for: Midcap Positional (Free Access)
  -> Closed Trades UI had issues rendering.
  -> ❌ Test Case Failed: testDynamicTradesScreenFlow
  -> ⏱️ SCREEN COMPLETED IN: 95.651 SECONDS.

========================================================
🚀 STARTING TEST: testLiveSignalRoutingAndNotifications
========================================================
  -> Verifying Signal Distribution Logic.
  -> Opening the first available product to check for Live Commentary...
  -> ❌ Test Case Failed: testLiveSignalRoutingAndNotifications
  -> ⏱️ SCREEN COMPLETED IN: 63.168 SECONDS.

========================================================
🚀 STARTING TEST: testBlogsScreenFlow
========================================================
  -> Starting Blogs Screen Verification.
  -> Navigating to Blogs Tab.
  -> Step 1: Verifying Blog Card Content.
  -> Could not find any Blog posts in the feed.
  -> ❌ Test Case Failed: testBlogsScreenFlow
  -> ⏱️ SCREEN COMPLETED IN: 15.79 SECONDS.

========================================================
🚀 STARTING TEST: testToolsScreenFlow
========================================================
  -> Starting Tools Screen Verification.
  -> Navigating to Tools Tab.
  -> Tools Screen Test Failed: Expected condition failed: waiting for presence of element located by: By.xpath: //*[contains(@content-desc, 'Retirement Plans')] (tried for 12 second(s) with 100 milliseconds interval)
  -> ❌ Test Case Failed: testToolsScreenFlow
  -> ⏱️ SCREEN COMPLETED IN: 15.833 SECONDS.

========================================================
🚀 STARTING TEST: testProfileAndSettingsFlow
========================================================
  -> Starting Profile & Settings Verification.
  -> Step 1: Navigating to Profile Tab.
  -> Profile Main Landing UI loaded.
  -> Step 2: Testing Personal Details Update logic.
  -> Profile & Settings Flow Failed: Expected condition failed: waiting for presence of element located by: AppiumBy.accessibilityId: Update (tried for 12 second(s) with 100 milliseconds interval)
  -> ❌ Test Case Failed: testProfileAndSettingsFlow
  -> ⏱️ SCREEN COMPLETED IN: 16.037 SECONDS.]]>
  </system-out>
</testsuite> <!-- RESEARCHMANTRA_AUTOMATION.AUTOMATION.Tools_Screen_Tests -->
