<?xml version="1.0" encoding="UTF-8"?>
<!-- Generated by org.testng.reporters.JUnitReportReporter -->
<testsuite hostname="DESKTOP-L3SV42K" failures="1" tests="1" name="RESEARCHMANTRA_AUTOMATION.AUTOMATION.Profile_And_Settings_Tests" time="14.116" errors="0" timestamp="2026-03-27T14:02:29 IST" skipped="0">
  <testcase classname="RESEARCHMANTRA_AUTOMATION.AUTOMATION.Profile_And_Settings_Tests" name="testProfileAndSettingsFlow" time="14.116">
    <failure message="Expected condition failed: waiting for presence of element located by: AppiumBy.accessibilityId: Update (tried for 12 second(s) with 100 milliseconds interval)" type="java.lang.AssertionError">
      <![CDATA[java.lang.AssertionError: Expected condition failed: waiting for presence of element located by: AppiumBy.accessibilityId: Update (tried for 12 second(s) with 100 milliseconds interval)
at org.testng.Assert.fail(Assert.java:111)
at RESEARCHMANTRA_AUTOMATION.AUTOMATION.Profile_And_Settings_Tests.testProfileAndSettingsFlow(Profile_And_Settings_Tests.java:141)
at java.base/jdk.internal.reflect.DirectMethodHandleAccessor.invoke(DirectMethodHandleAccessor.java:104)
at java.base/java.lang.reflect.Method.invoke(Method.java:565)
at org.testng.internal.invokers.MethodInvocationHelper.invokeMethod(MethodInvocationHelper.java:141)
at org.testng.internal.invokers.TestInvoker.invokeMethod(TestInvoker.java:687)
at org.testng.internal.invokers.TestInvoker.invokeTestMethod(TestInvoker.java:230)
at org.testng.internal.invokers.MethodRunner.runInSequence(MethodRunner.java:63)
at org.testng.internal.invokers.TestInvoker$MethodInvocationAgent.invoke(TestInvoker.java:995)
at org.testng.internal.invokers.TestInvoker.invokeTestMethods(TestInvoker.java:203)
at org.testng.internal.invokers.TestMethodWorker.invokeTestMethods(TestMethodWorker.java:154)
at org.testng.internal.invokers.TestMethodWorker.run(TestMethodWorker.java:134)
at java.base/java.util.ArrayList.forEach(ArrayList.java:1604)
at org.testng.TestRunner.privateRun(TestRunner.java:741)
at org.testng.TestRunner.run(TestRunner.java:616)
at org.testng.SuiteRunner.runTest(SuiteRunner.java:421)
at org.testng.SuiteRunner.runSequentially(SuiteRunner.java:413)
at org.testng.SuiteRunner.privateRun(SuiteRunner.java:373)
at org.testng.SuiteRunner.run(SuiteRunner.java:312)
at org.testng.SuiteRunnerWorker.runSuite(SuiteRunnerWorker.java:52)
at org.testng.SuiteRunnerWorker.run(SuiteRunnerWorker.java:95)
at org.testng.TestNG.runSuitesSequentially(TestNG.java:1274)
at org.testng.TestNG.runSuitesLocally(TestNG.java:1208)
at org.testng.TestNG.runSuites(TestNG.java:1112)
at org.testng.TestNG.run(TestNG.java:1079)
at org.testng.remote.AbstractRemoteTestNG.run(AbstractRemoteTestNG.java:115)
at org.testng.remote.RemoteTestNG.initAndRun(RemoteTestNG.java:293)
at org.testng.remote.RemoteTestNG.main(RemoteTestNG.java:91)
]]>
    </failure>
    <system-out>
      <![CDATA[  -> Starting Profile & Settings Verification.
  -> Step 1: Navigating to Profile Tab.
  -> Profile Main Landing UI loaded.
  -> Step 2: Testing Personal Details Update logic.
  -> Profile & Settings Flow Failed: Expected condition failed: waiting for presence of element located by: AppiumBy.accessibilityId: Update (tried for 12 second(s) with 100 milliseconds interval)]]>
    </system-out>
  </testcase> <!-- testProfileAndSettingsFlow -->
  <system-out>
    <![CDATA[
⚡ FAST BOOT: Launching App...
✅ APPIUM SESSION ESTABLISHED - HYPER-SPEED MODE ENGAGED!

========================================================
🚀 STARTING TEST: testLoginScreenFlow
========================================================
  -> Starting Comprehensive Login Suite for: 7661935544
  -> No permission popup detected.
  -> Executing Negative Test: Empty Mobile Number
  -> Verified Toast Message: Please enter valid mobile number
  -> Executing Negative Test: Invalid Mobile Number (12345)
  -> Verified Toast Message: Please enter valid mobile number
  -> Executing Positive Test: Valid Mobile Number
  -> Waiting for transition to OTP screen...
  -> Successfully arrived at OTP Verification Screen.
  -> Validating OTP Screen UI Elements...
  -> OTP UI Elements missing or took too long to load.
  -> Executing Negative Test: Invalid OTP
  -> Expected toast containing 'Invalid' did not appear or vanished too quickly.
  -> Intercepting valid OTP via API...
  -> Retrieved OTP: 465560
  -> Entering Valid OTP...
  -> Waiting 4 seconds for Dashboard/Registration routing...
  -> Checking routing destination...
  -> New User detected. Executing Registration Flow...
  -> Entering Data: vamshi krishna | vamshikrishna101@test.com | Delhi
  -> Testing Gender Radio Buttons (Male -> Female)...
  -> Successfully toggled Gender selection to Female.
  -> Preparing to click Register...
  -> Submitting Registration Form...
  -> ✅ Login Flow Complete! Logged in as: vamshi krishna
  -> ✅ Test Case Passed: testLoginScreenFlow
  -> ⏱️ SCREEN COMPLETED IN: 132.703 SECONDS.

========================================================
🚀 STARTING TEST: testDashboardCompleteFlow
========================================================
  -> Starting Comprehensive Dashboard Verification...
  -> Step 1: Checking User Profile Name in Header.
  -> Profile Name verified in header: vamshi krishna
  -> Step 2: Checking Notification Bell & Tabs.
  -> Clicked Notification Bell successfully.
  -> Successfully interacted with all Notification tabs.
  -> Returned to Dashboard from Notifications.
  -> Step 3: Deep Clicking Core Trade Category Cards.
  -> Testing Routing for: MCX Positional
  -> ❌ Routing failed for: MCX Positional
  -> ❌ Test Case Failed: testDashboardCompleteFlow
  -> ⏱️ SCREEN COMPLETED IN: 10.778 SECONDS.

========================================================
🚀 STARTING TEST: testDynamicTradesScreenFlow
========================================================
  -> Starting Dynamic Trades Screen Verification.
  -> Navigating to Trades Bottom Tab.
  -> Step 1: Extracting dynamic product list from the app...
  -> Dynamically found 3 products: [MCX Positional, Nifty Positional, Midcap Positional]
  -> ===============================================
  -> 🧪 TESTING PRODUCT: MCX Positional
  -> -> Checking Home Tab for: MCX Positional
  -> Found Home Service Card for: MCX Positional
  -> -> Checking Live Trades Tab for: MCX Positional
  ->    -> Verifying 'Details' Sub-Tab (Subscription Logic).
  -> 🔒 Product [MCX Positional] is NOT PURCHASED. 'Activate Now' lock screen is correctly displayed.
  ->    -> Verifying 'Live Commentary' Sub-Tab (Free Access).
  -> ✅ Live Commentary feed loaded with free access data.
  -> -> Checking Closed Trades Tab for: MCX Positional (Free Access)
  -> ✅ Closed Trades (Booked Trades) loaded with free access data.
  -> ✅ Full verification complete for: MCX Positional
  -> ===============================================
  -> 🧪 TESTING PRODUCT: Nifty Positional
  -> -> Checking Home Tab for: Nifty Positional
  -> Found Home Service Card for: Nifty Positional
  -> -> Checking Live Trades Tab for: Nifty Positional
  ->    -> Verifying 'Details' Sub-Tab (Subscription Logic).
  -> 🔒 Product [Nifty Positional] is NOT PURCHASED. 'Activate Now' lock screen is correctly displayed.
  ->    -> Verifying 'Live Commentary' Sub-Tab (Free Access).
  -> ✅ Live Commentary feed loaded with free access data.
  -> -> Checking Closed Trades Tab for: Nifty Positional (Free Access)
  -> ✅ Closed Trades (Booked Trades) loaded with free access data.
  -> ✅ Full verification complete for: Nifty Positional
  -> ===============================================
  -> 🧪 TESTING PRODUCT: Midcap Positional
  -> -> Checking Home Tab for: Midcap Positional
  -> Found Home Service Card for: Midcap Positional
  -> -> Checking Live Trades Tab for: Midcap Positional
  ->    -> Verifying 'Details' Sub-Tab (Subscription Logic).
  -> 🔒 Product [Midcap Positional] is NOT PURCHASED. 'Activate Now' lock screen is correctly displayed.
  ->    -> Verifying 'Live Commentary' Sub-Tab (Free Access).
  -> ✅ Live Commentary feed loaded with free access data.
  -> -> Checking Closed Trades Tab for: Midcap Positional (Free Access)
  -> Closed Trades UI had issues rendering.
  -> ❌ Test Case Failed: testDynamicTradesScreenFlow
  -> ⏱️ SCREEN COMPLETED IN: 32.341 SECONDS.

========================================================
🚀 STARTING TEST: testBlogsScreenFlow
========================================================
  -> Starting Blogs Screen Verification.
  -> Navigating to Blogs Tab.
  -> Step 1: Verifying Blog Card Content.
  -> Could not find any Blog posts in the feed.
  -> ❌ Test Case Failed: testBlogsScreenFlow
  -> ⏱️ SCREEN COMPLETED IN: 10.865 SECONDS.

========================================================
🚀 STARTING TEST: testToolsScreenFlow
========================================================
  -> Starting Tools Screen Verification.
  -> Navigating to Tools Tab.
  -> Tools Screen Test Failed: Expected condition failed: waiting for presence of element located by: By.xpath: //*[contains(@content-desc, 'Retirement Plans')] (tried for 12 second(s) with 100 milliseconds interval)
  -> ❌ Test Case Failed: testToolsScreenFlow
  -> ⏱️ SCREEN COMPLETED IN: 13.048 SECONDS.

========================================================
🚀 STARTING TEST: testProfileAndSettingsFlow
========================================================
  -> Starting Profile & Settings Verification.
  -> Step 1: Navigating to Profile Tab.
  -> Profile Main Landing UI loaded.
  -> Step 2: Testing Personal Details Update logic.
  -> Profile & Settings Flow Failed: Expected condition failed: waiting for presence of element located by: AppiumBy.accessibilityId: Update (tried for 12 second(s) with 100 milliseconds interval)
  -> ❌ Test Case Failed: testProfileAndSettingsFlow
  -> ⏱️ SCREEN COMPLETED IN: 13.048 SECONDS.

========================================================
🚀 STARTING TEST: testAllProductsPaymentGatewayFlow
========================================================
  -> Step 1: Navigating to Trades Tab.
  -> Step 2: Processing Product Cards sequentially...
  -> ===============================================
  -> 🧪 TESTING BUSINESS FLOW FOR: MCX Positional
  -> Clicking Product Card to open details...
  -> Successfully navigated to Product Subscription Page.
  -> Verifying 'Overview' and 'Performance' Product Details Tabs...
  -> ✅ Overview and Performance tabs are active and switchable.
  -> Scrolling to evaluate Subscription Status...
  -> Product NOT OWNED. Proceeding to Gateway...
  -> Testing Payment Gateway Rebound...
  -> Returned from Gateway successfully.
  -> Applying Coupon: SUMMER100
  -> Coupon flow skipped/failed.
  -> ===============================================
  -> 🧪 TESTING BUSINESS FLOW FOR: Long term Goal Oriented
  -> Clicking Product Card to open details...
  -> Could not route into card. Skipping to next.
  -> ===============================================
  -> 🧪 TESTING BUSINESS FLOW FOR: Nifty Positional
  -> Clicking Product Card to open details...
  -> Could not route into card. Skipping to next.
  -> ===============================================
  -> 🧪 TESTING BUSINESS FLOW FOR: Midcap Positional
  -> Clicking Product Card to open details...
  -> Could not route into card. Skipping to next.
  -> ===============================================
  -> Step 3: Verifying Ledger in 'My Collection'
  -> No new products purchased. Skipping Collection verification.
  -> ✅ Test Case Passed: testAllProductsPaymentGatewayFlow
  -> ⏱️ SCREEN COMPLETED IN: 157.964 SECONDS.

========================================================
🚀 STARTING TEST: testLiveSignalRoutingAndNotifications
========================================================
  -> Verifying Signal Distribution Logic.
  -> Opening the first available product to check for Live Commentary...
  -> ❌ Test Case Failed: testLiveSignalRoutingAndNotifications
  -> ⏱️ SCREEN COMPLETED IN: 22.085 SECONDS.]]>
  </system-out>
</testsuite> <!-- RESEARCHMANTRA_AUTOMATION.AUTOMATION.Profile_And_Settings_Tests -->
